2023-12-19 19:12:915 INFO  LoginPage :45 - Send Admin to username field : [[ChromeDriver: chrome on windows (5683a57bb673e795032fc1fb426efe92)] -> xpath: //input[@placeholder='Username']]
2023-12-19 19:12:994 INFO  LoginPage :50 - Send admin123 to password field : [[ChromeDriver: chrome on windows (5683a57bb673e795032fc1fb426efe92)] -> xpath: //input[@placeholder='Password']]
2023-12-19 19:12:68 INFO  LoginPage :55 - Clicking on Login button : [[ChromeDriver: chrome on windows (5683a57bb673e795032fc1fb426efe92)] -> xpath: //button[normalize-space()='Login']]
2023-12-19 19:12:131 INFO  DashboardPage :27 - Getting text from : [[ChromeDriver: chrome on windows (5683a57bb673e795032fc1fb426efe92)] -> xpath: //h6[normalize-space()='Dashboard']]
2023-12-19 19:12:130 INFO  LoginPage :45 - Send Admin to username field : [[ChromeDriver: chrome on windows (ed4ea6578226b2571efef376acb7559f)] -> xpath: //input[@placeholder='Username']]
2023-12-19 19:12:231 INFO  LoginPage :50 - Send admin123 to password field : [[ChromeDriver: chrome on windows (ed4ea6578226b2571efef376acb7559f)] -> xpath: //input[@placeholder='Password']]
2023-12-19 19:12:319 INFO  LoginPage :55 - Clicking on Login button : [[ChromeDriver: chrome on windows (ed4ea6578226b2571efef376acb7559f)] -> xpath: //button[normalize-space()='Login']]
2023-12-19 19:12:435 INFO  HomePage :40 - Verifying orangeHRM Logo from : [[ChromeDriver: chrome on windows (ed4ea6578226b2571efef376acb7559f)] -> xpath: //img[@alt='client brand banner']]
2023-12-19 19:12:863 INFO  LoginPage :45 - Send Admin to username field : [[ChromeDriver: chrome on windows (557577f384e42ca67765c94a12d9b2b1)] -> xpath: //input[@placeholder='Username']]
2023-12-19 19:12:950 INFO  LoginPage :50 - Send admin123 to password field : [[ChromeDriver: chrome on windows (557577f384e42ca67765c94a12d9b2b1)] -> xpath: //input[@placeholder='Password']]
2023-12-19 19:12:27 INFO  LoginPage :55 - Clicking on Login button : [[ChromeDriver: chrome on windows (557577f384e42ca67765c94a12d9b2b1)] -> xpath: //button[normalize-space()='Login']]
2023-12-19 19:12:119 INFO  DashboardPage :33 - Clicking on user profile logo : [[ChromeDriver: chrome on windows (557577f384e42ca67765c94a12d9b2b1)] -> xpath: //img[@class='oxd-userdropdown-img']]
2023-12-19 19:12:940 INFO  DashboardPage :38 - Clicking on logout link : [[ChromeDriver: chrome on windows (557577f384e42ca67765c94a12d9b2b1)] -> xpath: //a[normalize-space()='Logout']]
2023-12-19 19:12:988 INFO  LoginPage :59 - Verify text for login panel : Proxy element for: DefaultElementLocator 'By.xpath: //h5[normalize-space()='Login']'
2023-12-19 19:12:612 INFO  LoginPage :45 - Send  to username field : [[ChromeDriver: chrome on windows (bd9a9acb6cdcb8f0458797c756123db1)] -> xpath: //input[@placeholder='Username']]
2023-12-19 19:12:716 INFO  LoginPage :50 - Send  to password field : [[ChromeDriver: chrome on windows (bd9a9acb6cdcb8f0458797c756123db1)] -> xpath: //input[@placeholder='Password']]
2023-12-19 19:12:800 INFO  LoginPage :55 - Clicking on Login button : [[ChromeDriver: chrome on windows (bd9a9acb6cdcb8f0458797c756123db1)] -> xpath: //button[normalize-space()='Login']]
2023-12-19 19:12:823 INFO  LoginPage :64 - Getting username field blank error message : [[ChromeDriver: chrome on windows (bd9a9acb6cdcb8f0458797c756123db1)] -> xpath: //div[@class='orangehrm-login-slot-wrapper']//div[1]//div[1]//span[1]]
2023-12-19 19:12:27 INFO  LoginPage :45 - Send test123@gmail.com to username field : [[ChromeDriver: chrome on windows (1dbdd4f12d9ccc13dbf82903cc06cd42)] -> xpath: //input[@placeholder='Username']]
2023-12-19 19:12:104 INFO  LoginPage :50 - Send  to password field : [[ChromeDriver: chrome on windows (1dbdd4f12d9ccc13dbf82903cc06cd42)] -> xpath: //input[@placeholder='Password']]
2023-12-19 19:12:207 INFO  LoginPage :55 - Clicking on Login button : [[ChromeDriver: chrome on windows (1dbdd4f12d9ccc13dbf82903cc06cd42)] -> xpath: //button[normalize-space()='Login']]
2023-12-19 19:12:236 INFO  LoginPage :69 - Getting password field blank error message : [[ChromeDriver: chrome on windows (1dbdd4f12d9ccc13dbf82903cc06cd42)] -> xpath: //span[@class='oxd-text oxd-text--span oxd-input-field-error-message oxd-input-group__message']]
2023-12-19 19:12:899 INFO  LoginPage :45 - Send  to username field : [[ChromeDriver: chrome on windows (cd3f8bec6c46db1b6a1e8f04dd0841c8)] -> xpath: //input[@placeholder='Username']]
2023-12-19 19:12:987 INFO  LoginPage :50 - Send test123 to password field : [[ChromeDriver: chrome on windows (cd3f8bec6c46db1b6a1e8f04dd0841c8)] -> xpath: //input[@placeholder='Password']]
2023-12-19 19:12:55 INFO  LoginPage :55 - Clicking on Login button : [[ChromeDriver: chrome on windows (cd3f8bec6c46db1b6a1e8f04dd0841c8)] -> xpath: //button[normalize-space()='Login']]
2023-12-19 19:12:78 INFO  LoginPage :64 - Getting username field blank error message : [[ChromeDriver: chrome on windows (cd3f8bec6c46db1b6a1e8f04dd0841c8)] -> xpath: //div[@class='orangehrm-login-slot-wrapper']//div[1]//div[1]//span[1]]
2023-12-19 19:12:478 INFO  LoginPage :45 - Send test123@gmail.com to username field : [[ChromeDriver: chrome on windows (06667aedd21ed9921c3a3c67606840ad)] -> xpath: //input[@placeholder='Username']]
2023-12-19 19:12:578 INFO  LoginPage :50 - Send test123 to password field : [[ChromeDriver: chrome on windows (06667aedd21ed9921c3a3c67606840ad)] -> xpath: //input[@placeholder='Password']]
2023-12-19 19:12:46 INFO  LoginPage :55 - Clicking on Login button : [[ChromeDriver: chrome on windows (06667aedd21ed9921c3a3c67606840ad)] -> xpath: //button[normalize-space()='Login']]
2023-12-19 19:12:295 INFO  LoginPage :74 - Getting invalid credential error message : [[ChromeDriver: chrome on windows (06667aedd21ed9921c3a3c67606840ad)] -> xpath: //p[@class='oxd-text oxd-text--p oxd-alert-content-text']]
2023-12-19 19:12:678 INFO  LoginPage :45 - Send Admin to username field : [[ChromeDriver: chrome on windows (8e3d2e644324f5ff21c8621faadb3581)] -> xpath: //input[@placeholder='Username']]
2023-12-19 19:12:757 INFO  LoginPage :50 - Send admin123 to password field : [[ChromeDriver: chrome on windows (8e3d2e644324f5ff21c8621faadb3581)] -> xpath: //input[@placeholder='Password']]
2023-12-19 19:12:832 INFO  LoginPage :55 - Clicking on Login button : [[ChromeDriver: chrome on windows (8e3d2e644324f5ff21c8621faadb3581)] -> xpath: //button[normalize-space()='Login']]
2023-12-19 19:12:718 INFO  HomePage :46 - Clicking on Admin link : [[ChromeDriver: chrome on windows (8e3d2e644324f5ff21c8621faadb3581)] -> xpath: //li[1]//a[1]//span[1]]
2023-12-19 19:12:940 INFO  ViewSystemUsersPage :91 - Verifying System Users text : [[ChromeDriver: chrome on windows (8e3d2e644324f5ff21c8621faadb3581)] -> xpath: //h5[normalize-space()='System Users']]
2023-12-19 19:12:335 INFO  ViewSystemUsersPage :162 - Clicking on Add button : [[ChromeDriver: chrome on windows (8e3d2e644324f5ff21c8621faadb3581)] -> xpath: //button[normalize-space()='Add']]
2023-12-19 19:12:559 INFO  AddUsersPage :75 - Verifying AddUser text from : [[ChromeDriver: chrome on windows (8e3d2e644324f5ff21c8621faadb3581)] -> xpath: //h6[normalize-space()='Add User']]
2023-12-19 19:12:591 INFO  AddUsersPage :80 - Clicking on UserRole drop-down : [[ChromeDriver: chrome on windows (8e3d2e644324f5ff21c8621faadb3581)] -> xpath: (//div[@class = 'oxd-select-wrapper'])[1]]
2023-12-19 19:12:743 INFO  AddUsersPage :85 - Clicking on Admin option in UserRole drop-down : [[ChromeDriver: chrome on windows (8e3d2e644324f5ff21c8621faadb3581)] -> xpath: //span[contains(text(),'Admin')]]
2023-12-19 19:12:930 INFO  AddUsersPage :96 - Enter Peter Mac Anderson to Employee Name field : [[ChromeDriver: chrome on windows (8e3d2e644324f5ff21c8621faadb3581)] -> xpath: //input[@placeholder='Type for hints...']]
2023-12-19 19:12:17 INFO  AddUsersPage :116 - Enter Prime78 to User Name field : [[ChromeDriver: chrome on windows (8e3d2e644324f5ff21c8621faadb3581)] -> xpath: //div[@class = 'oxd-form-row']//input[@class = 'oxd-input oxd-input--active']]
2023-12-19 19:12:93 INFO  AddUsersPage :101 - Clicking on Status drop-down : [[ChromeDriver: chrome on windows (8e3d2e644324f5ff21c8621faadb3581)] -> xpath: //div[contains(text(),'-- Select --')]]
2023-12-19 19:12:253 INFO  AddUsersPage :106 - Clicking on Disable option in Status drop-down : [[ChromeDriver: chrome on windows (8e3d2e644324f5ff21c8621faadb3581)] -> xpath: //span[normalize-space()='Disabled']]
2023-12-19 19:12:462 INFO  AddUsersPage :121 - Enter prime123 to Password field : [[ChromeDriver: chrome on windows (8e3d2e644324f5ff21c8621faadb3581)] -> xpath: //div[@class='oxd-grid-item oxd-grid-item--gutters user-password-cell']//div[@class='oxd-input-group oxd-input-field-bottom-space']//div//input[@type='password']]
2023-12-19 19:12:651 INFO  AddUsersPage :126 - Enter prime123 to Confirm Password field : [[ChromeDriver: chrome on windows (8e3d2e644324f5ff21c8621faadb3581)] -> xpath: //div[@class='oxd-grid-item oxd-grid-item--gutters']//div[@class='oxd-input-group oxd-input-field-bottom-space']//div//input[@type='password']]
2023-12-19 19:12:722 INFO  AddUsersPage :131 - Clicking on Save button : [[ChromeDriver: chrome on windows (8e3d2e644324f5ff21c8621faadb3581)] -> xpath: //button[normalize-space()='Save']]
2023-12-19 19:12:643 INFO  LoginPage :45 - Send Admin to username field : [[ChromeDriver: chrome on windows (9c62fc24dcf7a2ae1187d95dc87a2dbd)] -> xpath: //input[@placeholder='Username']]
2023-12-19 19:12:753 INFO  LoginPage :50 - Send admin123 to password field : [[ChromeDriver: chrome on windows (9c62fc24dcf7a2ae1187d95dc87a2dbd)] -> xpath: //input[@placeholder='Password']]
2023-12-19 19:12:826 INFO  LoginPage :55 - Clicking on Login button : [[ChromeDriver: chrome on windows (9c62fc24dcf7a2ae1187d95dc87a2dbd)] -> xpath: //button[normalize-space()='Login']]
2023-12-19 19:12:813 INFO  HomePage :46 - Clicking on Admin link : [[ChromeDriver: chrome on windows (9c62fc24dcf7a2ae1187d95dc87a2dbd)] -> xpath: //li[1]//a[1]//span[1]]
2023-12-19 19:12:25 INFO  ViewSystemUsersPage :91 - Verifying System Users text : [[ChromeDriver: chrome on windows (9c62fc24dcf7a2ae1187d95dc87a2dbd)] -> xpath: //h5[normalize-space()='System Users']]
2023-12-19 19:12:123 INFO  ViewSystemUsersPage :97 - Enter Prime78 to User Name field : [[ChromeDriver: chrome on windows (9c62fc24dcf7a2ae1187d95dc87a2dbd)] -> xpath: //div[@class='oxd-input-group oxd-input-field-bottom-space']//div//input[@class='oxd-input oxd-input--active']]
2023-12-19 19:12:146 INFO  ViewSystemUsersPage :101 - Clicking on UserRole drop-down : [[ChromeDriver: chrome on windows (9c62fc24dcf7a2ae1187d95dc87a2dbd)] -> xpath: //div[@class='oxd-table-filter-area']//div[2]//div[1]//div[2]//div[1]//div[1]//div[1]]
2023-12-19 19:12:224 INFO  ViewSystemUsersPage :106 - Clicking on Admin option in UserRole drop-down : [[ChromeDriver: chrome on windows (9c62fc24dcf7a2ae1187d95dc87a2dbd)] -> xpath: //span[contains(text(),'Admin')]]
2023-12-19 19:12:560 INFO  ViewSystemUsersPage :117 - Clicking on Status drop-down : [[ChromeDriver: chrome on windows (9c62fc24dcf7a2ae1187d95dc87a2dbd)] -> xpath: (//i)[13]]
2023-12-19 19:12:751 INFO  ViewSystemUsersPage :122 - Clicking on Disable option in Status drop-down : [[ChromeDriver: chrome on windows (9c62fc24dcf7a2ae1187d95dc87a2dbd)] -> xpath: //span[normalize-space()='Disabled']]
2023-12-19 19:12:874 INFO  ViewSystemUsersPage :132 - Clicking on Search button : [[ChromeDriver: chrome on windows (9c62fc24dcf7a2ae1187d95dc87a2dbd)] -> xpath: //button[normalize-space()='Search']]
2023-12-19 19:12:129 INFO  ViewSystemUsersPage :141 - Getting UserName from record : Proxy element for: DefaultElementLocator 'By.xpath: (//div[@data-v-6c07a142])[1]'
2023-12-19 19:12:635 INFO  LoginPage :45 - Send Admin to username field : [[ChromeDriver: chrome on windows (735a006d93ef0b2deba35a5299016b8c)] -> xpath: //input[@placeholder='Username']]
2023-12-19 19:12:766 INFO  LoginPage :50 - Send admin123 to password field : [[ChromeDriver: chrome on windows (735a006d93ef0b2deba35a5299016b8c)] -> xpath: //input[@placeholder='Password']]
2023-12-19 19:12:836 INFO  LoginPage :55 - Clicking on Login button : [[ChromeDriver: chrome on windows (735a006d93ef0b2deba35a5299016b8c)] -> xpath: //button[normalize-space()='Login']]
2023-12-19 19:12:863 INFO  HomePage :46 - Clicking on Admin link : [[ChromeDriver: chrome on windows (735a006d93ef0b2deba35a5299016b8c)] -> xpath: //li[1]//a[1]//span[1]]
2023-12-19 19:12:83 INFO  ViewSystemUsersPage :91 - Verifying System Users text : [[ChromeDriver: chrome on windows (735a006d93ef0b2deba35a5299016b8c)] -> xpath: //h5[normalize-space()='System Users']]
2023-12-19 19:12:187 INFO  ViewSystemUsersPage :97 - Enter Prime78 to User Name field : [[ChromeDriver: chrome on windows (735a006d93ef0b2deba35a5299016b8c)] -> xpath: //div[@class='oxd-input-group oxd-input-field-bottom-space']//div//input[@class='oxd-input oxd-input--active']]
2023-12-19 19:12:204 INFO  ViewSystemUsersPage :101 - Clicking on UserRole drop-down : [[ChromeDriver: chrome on windows (735a006d93ef0b2deba35a5299016b8c)] -> xpath: //div[@class='oxd-table-filter-area']//div[2]//div[1]//div[2]//div[1]//div[1]//div[1]]
2023-12-19 19:12:268 INFO  ViewSystemUsersPage :106 - Clicking on Admin option in UserRole drop-down : [[ChromeDriver: chrome on windows (735a006d93ef0b2deba35a5299016b8c)] -> xpath: //span[contains(text(),'Admin')]]
2023-12-19 19:12:558 INFO  ViewSystemUsersPage :117 - Clicking on Status drop-down : [[ChromeDriver: chrome on windows (735a006d93ef0b2deba35a5299016b8c)] -> xpath: (//i)[13]]
2023-12-19 19:12:736 INFO  ViewSystemUsersPage :122 - Clicking on Disable option in Status drop-down : [[ChromeDriver: chrome on windows (735a006d93ef0b2deba35a5299016b8c)] -> xpath: //span[normalize-space()='Disabled']]
2023-12-19 19:12:892 INFO  ViewSystemUsersPage :132 - Clicking on Search button : [[ChromeDriver: chrome on windows (735a006d93ef0b2deba35a5299016b8c)] -> xpath: //button[normalize-space()='Search']]
2023-12-19 19:12:202 INFO  ViewSystemUsersPage :141 - Getting UserName from record : Proxy element for: DefaultElementLocator 'By.xpath: (//div[@data-v-6c07a142])[1]'
2023-12-19 19:12:631 INFO  LoginPage :45 - Send Admin to username field : [[ChromeDriver: chrome on windows (930458f6a3fb3294ea84e46c5e9d8550)] -> xpath: //input[@placeholder='Username']]
2023-12-19 19:12:730 INFO  LoginPage :50 - Send admin123 to password field : [[ChromeDriver: chrome on windows (930458f6a3fb3294ea84e46c5e9d8550)] -> xpath: //input[@placeholder='Password']]
2023-12-19 19:12:802 INFO  LoginPage :55 - Clicking on Login button : [[ChromeDriver: chrome on windows (930458f6a3fb3294ea84e46c5e9d8550)] -> xpath: //button[normalize-space()='Login']]
2023-12-19 19:12:855 INFO  HomePage :46 - Clicking on Admin link : [[ChromeDriver: chrome on windows (930458f6a3fb3294ea84e46c5e9d8550)] -> xpath: //li[1]//a[1]//span[1]]
2023-12-19 19:12:82 INFO  ViewSystemUsersPage :91 - Verifying System Users text : [[ChromeDriver: chrome on windows (930458f6a3fb3294ea84e46c5e9d8550)] -> xpath: //h5[normalize-space()='System Users']]
2023-12-19 19:12:185 INFO  ViewSystemUsersPage :97 - Enter Admin to User Name field : [[ChromeDriver: chrome on windows (930458f6a3fb3294ea84e46c5e9d8550)] -> xpath: //div[@class='oxd-input-group oxd-input-field-bottom-space']//div//input[@class='oxd-input oxd-input--active']]
2023-12-19 19:12:202 INFO  ViewSystemUsersPage :101 - Clicking on UserRole drop-down : [[ChromeDriver: chrome on windows (930458f6a3fb3294ea84e46c5e9d8550)] -> xpath: //div[@class='oxd-table-filter-area']//div[2]//div[1]//div[2]//div[1]//div[1]//div[1]]
2023-12-19 19:12:390 INFO  ViewSystemUsersPage :111 - Clicking on ESS option in UserRole drop-down : [[ChromeDriver: chrome on windows (930458f6a3fb3294ea84e46c5e9d8550)] -> xpath: //span[contains(text(),'ESS')]]
2023-12-19 19:12:710 INFO  ViewSystemUsersPage :117 - Clicking on Status drop-down : [[ChromeDriver: chrome on windows (930458f6a3fb3294ea84e46c5e9d8550)] -> xpath: (//i)[13]]
2023-12-19 19:12:890 INFO  ViewSystemUsersPage :122 - Clicking on Disable option in Status drop-down : [[ChromeDriver: chrome on windows (930458f6a3fb3294ea84e46c5e9d8550)] -> xpath: //span[normalize-space()='Disabled']]
2023-12-19 19:12:07 INFO  ViewSystemUsersPage :132 - Clicking on Search button : [[ChromeDriver: chrome on windows (930458f6a3fb3294ea84e46c5e9d8550)] -> xpath: //button[normalize-space()='Search']]
2023-12-19 19:12:758 INFO  ViewSystemUsersPage :166 - Getting OneRecord Found message : Proxy element for: DefaultElementLocator 'By.xpath: //span[normalize-space()='(1) Record Found']'
2023-12-19 19:12:810 INFO  LoginPage :45 - Send Admin to username field : [[ChromeDriver: chrome on windows (771e246d80aa0879a6c536220c696646)] -> xpath: //input[@placeholder='Username']]
2023-12-19 19:12:909 INFO  LoginPage :50 - Send admin123 to password field : [[ChromeDriver: chrome on windows (771e246d80aa0879a6c536220c696646)] -> xpath: //input[@placeholder='Password']]
2023-12-19 19:12:976 INFO  LoginPage :55 - Clicking on Login button : [[ChromeDriver: chrome on windows (771e246d80aa0879a6c536220c696646)] -> xpath: //button[normalize-space()='Login']]
2023-12-19 19:12:996 INFO  HomePage :46 - Clicking on Admin link : [[ChromeDriver: chrome on windows (771e246d80aa0879a6c536220c696646)] -> xpath: //li[1]//a[1]//span[1]]
2023-12-19 19:12:218 INFO  ViewSystemUsersPage :91 - Verifying System Users text : [[ChromeDriver: chrome on windows (771e246d80aa0879a6c536220c696646)] -> xpath: //h5[normalize-space()='System Users']]
2023-12-19 19:12:330 INFO  ViewSystemUsersPage :97 - Enter Nina.Patel to User Name field : [[ChromeDriver: chrome on windows (771e246d80aa0879a6c536220c696646)] -> xpath: //div[@class='oxd-input-group oxd-input-field-bottom-space']//div//input[@class='oxd-input oxd-input--active']]
2023-12-19 19:12:347 INFO  ViewSystemUsersPage :101 - Clicking on UserRole drop-down : [[ChromeDriver: chrome on windows (771e246d80aa0879a6c536220c696646)] -> xpath: //div[@class='oxd-table-filter-area']//div[2]//div[1]//div[2]//div[1]//div[1]//div[1]]
2023-12-19 19:12:568 INFO  ViewSystemUsersPage :111 - Clicking on ESS option in UserRole drop-down : [[ChromeDriver: chrome on windows (771e246d80aa0879a6c536220c696646)] -> xpath: //span[contains(text(),'ESS')]]
2023-12-19 19:12:744 INFO  ViewSystemUsersPage :117 - Clicking on Status drop-down : [[ChromeDriver: chrome on windows (771e246d80aa0879a6c536220c696646)] -> xpath: (//i)[13]]
2023-12-19 19:12:903 INFO  ViewSystemUsersPage :122 - Clicking on Disable option in Status drop-down : [[ChromeDriver: chrome on windows (771e246d80aa0879a6c536220c696646)] -> xpath: //span[normalize-space()='Disabled']]
2023-12-19 19:12:968 INFO  ViewSystemUsersPage :132 - Clicking on Search button : [[ChromeDriver: chrome on windows (771e246d80aa0879a6c536220c696646)] -> xpath: //button[normalize-space()='Search']]
2023-12-19 19:12:06 INFO  ViewSystemUsersPage :166 - Getting OneRecord Found message : Proxy element for: DefaultElementLocator 'By.xpath: //span[normalize-space()='(1) Record Found']'
2023-12-19 19:12:806 INFO  LoginPage :45 - Send Admin to username field : [[ChromeDriver: chrome on windows (5aa5bbbb0227cccc12f4e777a1e36cfc)] -> xpath: //input[@placeholder='Username']]
2023-12-19 19:12:889 INFO  LoginPage :50 - Send admin123 to password field : [[ChromeDriver: chrome on windows (5aa5bbbb0227cccc12f4e777a1e36cfc)] -> xpath: //input[@placeholder='Password']]
2023-12-19 19:12:959 INFO  LoginPage :55 - Clicking on Login button : [[ChromeDriver: chrome on windows (5aa5bbbb0227cccc12f4e777a1e36cfc)] -> xpath: //button[normalize-space()='Login']]
2023-12-19 19:12:28 INFO  DashboardPage :27 - Getting text from : [[ChromeDriver: chrome on windows (5aa5bbbb0227cccc12f4e777a1e36cfc)] -> xpath: //h6[normalize-space()='Dashboard']]
2023-12-19 19:12:76 INFO  LoginPage :45 - Send Admin to username field : [[ChromeDriver: chrome on windows (9d746b2620c4c5748827b7557193b30e)] -> xpath: //input[@placeholder='Username']]
2023-12-19 19:12:168 INFO  LoginPage :50 - Send admin123 to password field : [[ChromeDriver: chrome on windows (9d746b2620c4c5748827b7557193b30e)] -> xpath: //input[@placeholder='Password']]
2023-12-19 19:12:241 INFO  LoginPage :55 - Clicking on Login button : [[ChromeDriver: chrome on windows (9d746b2620c4c5748827b7557193b30e)] -> xpath: //button[normalize-space()='Login']]
2023-12-19 19:12:288 INFO  HomePage :40 - Verifying orangeHRM Logo from : [[ChromeDriver: chrome on windows (9d746b2620c4c5748827b7557193b30e)] -> xpath: //img[@alt='client brand banner']]
2023-12-19 19:12:792 INFO  LoginPage :45 - Send Admin to username field : [[ChromeDriver: chrome on windows (78131e3cf07b18ae9dc0852bba13dfe5)] -> xpath: //input[@placeholder='Username']]
2023-12-19 19:12:884 INFO  LoginPage :50 - Send admin123 to password field : [[ChromeDriver: chrome on windows (78131e3cf07b18ae9dc0852bba13dfe5)] -> xpath: //input[@placeholder='Password']]
2023-12-19 19:12:957 INFO  LoginPage :55 - Clicking on Login button : [[ChromeDriver: chrome on windows (78131e3cf07b18ae9dc0852bba13dfe5)] -> xpath: //button[normalize-space()='Login']]
2023-12-19 19:12:665 INFO  DashboardPage :33 - Clicking on user profile logo : [[ChromeDriver: chrome on windows (78131e3cf07b18ae9dc0852bba13dfe5)] -> xpath: //img[@class='oxd-userdropdown-img']]
2023-12-19 19:12:799 INFO  DashboardPage :38 - Clicking on logout link : [[ChromeDriver: chrome on windows (78131e3cf07b18ae9dc0852bba13dfe5)] -> xpath: //a[normalize-space()='Logout']]
2023-12-19 19:12:380 INFO  LoginPage :59 - Verify text for login panel : Proxy element for: DefaultElementLocator 'By.xpath: //h5[normalize-space()='Login']'
2023-12-19 19:12:33 INFO  LoginPage :45 - Send  to username field : [[ChromeDriver: chrome on windows (98b40ddaf0a3cf52fb2d6f75e83b5920)] -> xpath: //input[@placeholder='Username']]
2023-12-19 19:12:117 INFO  LoginPage :50 - Send  to password field : [[ChromeDriver: chrome on windows (98b40ddaf0a3cf52fb2d6f75e83b5920)] -> xpath: //input[@placeholder='Password']]
2023-12-19 19:12:217 INFO  LoginPage :55 - Clicking on Login button : [[ChromeDriver: chrome on windows (98b40ddaf0a3cf52fb2d6f75e83b5920)] -> xpath: //button[normalize-space()='Login']]
2023-12-19 19:12:247 INFO  LoginPage :64 - Getting username field blank error message : [[ChromeDriver: chrome on windows (98b40ddaf0a3cf52fb2d6f75e83b5920)] -> xpath: //div[@class='orangehrm-login-slot-wrapper']//div[1]//div[1]//span[1]]
2023-12-19 19:12:740 INFO  LoginPage :45 - Send test123@gmail.com to username field : [[ChromeDriver: chrome on windows (58185140ee524bee5e03b1b36492fe39)] -> xpath: //input[@placeholder='Username']]
2023-12-19 19:12:812 INFO  LoginPage :50 - Send  to password field : [[ChromeDriver: chrome on windows (58185140ee524bee5e03b1b36492fe39)] -> xpath: //input[@placeholder='Password']]
2023-12-19 19:12:908 INFO  LoginPage :55 - Clicking on Login button : [[ChromeDriver: chrome on windows (58185140ee524bee5e03b1b36492fe39)] -> xpath: //button[normalize-space()='Login']]
2023-12-19 19:12:929 INFO  LoginPage :69 - Getting password field blank error message : [[ChromeDriver: chrome on windows (58185140ee524bee5e03b1b36492fe39)] -> xpath: //span[@class='oxd-text oxd-text--span oxd-input-field-error-message oxd-input-group__message']]
2023-12-19 19:12:35 INFO  LoginPage :45 - Send  to username field : [[ChromeDriver: chrome on windows (15fd38ba2fb26c4e524a5b3a4f549534)] -> xpath: //input[@placeholder='Username']]
2023-12-19 19:12:131 INFO  LoginPage :50 - Send test123 to password field : [[ChromeDriver: chrome on windows (15fd38ba2fb26c4e524a5b3a4f549534)] -> xpath: //input[@placeholder='Password']]
2023-12-19 19:12:207 INFO  LoginPage :55 - Clicking on Login button : [[ChromeDriver: chrome on windows (15fd38ba2fb26c4e524a5b3a4f549534)] -> xpath: //button[normalize-space()='Login']]
2023-12-19 19:12:228 INFO  LoginPage :64 - Getting username field blank error message : [[ChromeDriver: chrome on windows (15fd38ba2fb26c4e524a5b3a4f549534)] -> xpath: //div[@class='orangehrm-login-slot-wrapper']//div[1]//div[1]//span[1]]
2023-12-19 19:12:614 INFO  LoginPage :45 - Send test123@gmail.com to username field : [[ChromeDriver: chrome on windows (96dbeff5e4abcb543f09c50d1a59be02)] -> xpath: //input[@placeholder='Username']]
2023-12-19 19:12:704 INFO  LoginPage :50 - Send test123 to password field : [[ChromeDriver: chrome on windows (96dbeff5e4abcb543f09c50d1a59be02)] -> xpath: //input[@placeholder='Password']]
2023-12-19 19:12:765 INFO  LoginPage :55 - Clicking on Login button : [[ChromeDriver: chrome on windows (96dbeff5e4abcb543f09c50d1a59be02)] -> xpath: //button[normalize-space()='Login']]
2023-12-19 19:12:400 INFO  LoginPage :74 - Getting invalid credential error message : [[ChromeDriver: chrome on windows (96dbeff5e4abcb543f09c50d1a59be02)] -> xpath: //p[@class='oxd-text oxd-text--p oxd-alert-content-text']]
2023-12-19 19:12:517 INFO  LoginPage :45 - Send Admin to username field : [[ChromeDriver: chrome on windows (1c34407dd05db866cc4f596e4a337b28)] -> xpath: //input[@placeholder='Username']]
2023-12-19 19:12:647 INFO  LoginPage :50 - Send admin123 to password field : [[ChromeDriver: chrome on windows (1c34407dd05db866cc4f596e4a337b28)] -> xpath: //input[@placeholder='Password']]
2023-12-19 19:12:764 INFO  LoginPage :55 - Clicking on Login button : [[ChromeDriver: chrome on windows (1c34407dd05db866cc4f596e4a337b28)] -> xpath: //button[normalize-space()='Login']]
2023-12-19 19:12:874 INFO  HomePage :46 - Clicking on Admin link : [[ChromeDriver: chrome on windows (1c34407dd05db866cc4f596e4a337b28)] -> xpath: //li[1]//a[1]//span[1]]
2023-12-19 19:12:100 INFO  ViewSystemUsersPage :91 - Verifying System Users text : [[ChromeDriver: chrome on windows (1c34407dd05db866cc4f596e4a337b28)] -> xpath: //h5[normalize-space()='System Users']]
2023-12-19 19:12:518 INFO  ViewSystemUsersPage :162 - Clicking on Add button : [[ChromeDriver: chrome on windows (1c34407dd05db866cc4f596e4a337b28)] -> xpath: //button[normalize-space()='Add']]
2023-12-19 19:12:773 INFO  AddUsersPage :75 - Verifying AddUser text from : [[ChromeDriver: chrome on windows (1c34407dd05db866cc4f596e4a337b28)] -> xpath: //h6[normalize-space()='Add User']]
2023-12-19 19:12:810 INFO  AddUsersPage :80 - Clicking on UserRole drop-down : [[ChromeDriver: chrome on windows (1c34407dd05db866cc4f596e4a337b28)] -> xpath: (//div[@class = 'oxd-select-wrapper'])[1]]
2023-12-19 19:12:998 INFO  AddUsersPage :85 - Clicking on Admin option in UserRole drop-down : [[ChromeDriver: chrome on windows (1c34407dd05db866cc4f596e4a337b28)] -> xpath: //span[contains(text(),'Admin')]]
2023-12-19 19:12:191 INFO  AddUsersPage :96 - Enter Peter Mac Anderson to Employee Name field : [[ChromeDriver: chrome on windows (1c34407dd05db866cc4f596e4a337b28)] -> xpath: //input[@placeholder='Type for hints...']]
2023-12-19 19:12:277 INFO  AddUsersPage :116 - Enter Prime78 to User Name field : [[ChromeDriver: chrome on windows (1c34407dd05db866cc4f596e4a337b28)] -> xpath: //div[@class = 'oxd-form-row']//input[@class = 'oxd-input oxd-input--active']]
2023-12-19 19:12:328 INFO  AddUsersPage :101 - Clicking on Status drop-down : [[ChromeDriver: chrome on windows (1c34407dd05db866cc4f596e4a337b28)] -> xpath: //div[contains(text(),'-- Select --')]]
2023-12-19 19:12:498 INFO  AddUsersPage :106 - Clicking on Disable option in Status drop-down : [[ChromeDriver: chrome on windows (1c34407dd05db866cc4f596e4a337b28)] -> xpath: //span[normalize-space()='Disabled']]
2023-12-19 19:12:695 INFO  AddUsersPage :121 - Enter prime123 to Password field : [[ChromeDriver: chrome on windows (1c34407dd05db866cc4f596e4a337b28)] -> xpath: //div[@class='oxd-grid-item oxd-grid-item--gutters user-password-cell']//div[@class='oxd-input-group oxd-input-field-bottom-space']//div//input[@type='password']]
2023-12-19 19:12:841 INFO  AddUsersPage :126 - Enter prime123 to Confirm Password field : [[ChromeDriver: chrome on windows (1c34407dd05db866cc4f596e4a337b28)] -> xpath: //div[@class='oxd-grid-item oxd-grid-item--gutters']//div[@class='oxd-input-group oxd-input-field-bottom-space']//div//input[@type='password']]
2023-12-19 19:12:893 INFO  AddUsersPage :131 - Clicking on Save button : [[ChromeDriver: chrome on windows (1c34407dd05db866cc4f596e4a337b28)] -> xpath: //button[normalize-space()='Save']]
2023-12-19 19:12:954 INFO  AddUsersPage :140 - Getting User Added Successfully message : Proxy element for: DefaultElementLocator 'By.xpath: //p[@class='oxd-text oxd-text--p oxd-text--toast-message oxd-toast-content-text']'
2023-12-19 19:12:448 INFO  LoginPage :45 - Send Admin to username field : [[ChromeDriver: chrome on windows (40f61a2fcfa01db765aa197d8b6364bd)] -> xpath: //input[@placeholder='Username']]
2023-12-19 19:12:529 INFO  LoginPage :50 - Send admin123 to password field : [[ChromeDriver: chrome on windows (40f61a2fcfa01db765aa197d8b6364bd)] -> xpath: //input[@placeholder='Password']]
2023-12-19 19:12:605 INFO  LoginPage :55 - Clicking on Login button : [[ChromeDriver: chrome on windows (40f61a2fcfa01db765aa197d8b6364bd)] -> xpath: //button[normalize-space()='Login']]
2023-12-19 19:12:685 INFO  HomePage :46 - Clicking on Admin link : [[ChromeDriver: chrome on windows (40f61a2fcfa01db765aa197d8b6364bd)] -> xpath: //li[1]//a[1]//span[1]]
2023-12-19 19:12:921 INFO  ViewSystemUsersPage :91 - Verifying System Users text : [[ChromeDriver: chrome on windows (40f61a2fcfa01db765aa197d8b6364bd)] -> xpath: //h5[normalize-space()='System Users']]
2023-12-19 19:12:27 INFO  ViewSystemUsersPage :97 - Enter Prime78 to User Name field : [[ChromeDriver: chrome on windows (40f61a2fcfa01db765aa197d8b6364bd)] -> xpath: //div[@class='oxd-input-group oxd-input-field-bottom-space']//div//input[@class='oxd-input oxd-input--active']]
2023-12-19 19:12:44 INFO  ViewSystemUsersPage :101 - Clicking on UserRole drop-down : [[ChromeDriver: chrome on windows (40f61a2fcfa01db765aa197d8b6364bd)] -> xpath: //div[@class='oxd-table-filter-area']//div[2]//div[1]//div[2]//div[1]//div[1]//div[1]]
2023-12-19 19:12:237 INFO  ViewSystemUsersPage :106 - Clicking on Admin option in UserRole drop-down : [[ChromeDriver: chrome on windows (40f61a2fcfa01db765aa197d8b6364bd)] -> xpath: //span[contains(text(),'Admin')]]
2023-12-19 19:12:438 INFO  ViewSystemUsersPage :117 - Clicking on Status drop-down : [[ChromeDriver: chrome on windows (40f61a2fcfa01db765aa197d8b6364bd)] -> xpath: (//i)[13]]
2023-12-19 19:12:605 INFO  ViewSystemUsersPage :122 - Clicking on Disable option in Status drop-down : [[ChromeDriver: chrome on windows (40f61a2fcfa01db765aa197d8b6364bd)] -> xpath: //span[normalize-space()='Disabled']]
2023-12-19 19:12:761 INFO  ViewSystemUsersPage :132 - Clicking on Search button : [[ChromeDriver: chrome on windows (40f61a2fcfa01db765aa197d8b6364bd)] -> xpath: //button[normalize-space()='Search']]
2023-12-19 19:12:288 INFO  ViewSystemUsersPage :141 - Getting UserName from record : Proxy element for: DefaultElementLocator 'By.xpath: (//div[@data-v-6c07a142])[1]'
2023-12-19 19:12:16 INFO  LoginPage :45 - Send Admin to username field : [[ChromeDriver: chrome on windows (1d796784435d475a4577fd7bd6005e6e)] -> xpath: //input[@placeholder='Username']]
2023-12-19 19:12:121 INFO  LoginPage :50 - Send admin123 to password field : [[ChromeDriver: chrome on windows (1d796784435d475a4577fd7bd6005e6e)] -> xpath: //input[@placeholder='Password']]
2023-12-19 19:12:197 INFO  LoginPage :55 - Clicking on Login button : [[ChromeDriver: chrome on windows (1d796784435d475a4577fd7bd6005e6e)] -> xpath: //button[normalize-space()='Login']]
2023-12-19 19:12:91 INFO  HomePage :46 - Clicking on Admin link : [[ChromeDriver: chrome on windows (1d796784435d475a4577fd7bd6005e6e)] -> xpath: //li[1]//a[1]//span[1]]
2023-12-19 19:12:317 INFO  ViewSystemUsersPage :91 - Verifying System Users text : [[ChromeDriver: chrome on windows (1d796784435d475a4577fd7bd6005e6e)] -> xpath: //h5[normalize-space()='System Users']]
2023-12-19 19:12:416 INFO  ViewSystemUsersPage :97 - Enter Prime78 to User Name field : [[ChromeDriver: chrome on windows (1d796784435d475a4577fd7bd6005e6e)] -> xpath: //div[@class='oxd-input-group oxd-input-field-bottom-space']//div//input[@class='oxd-input oxd-input--active']]
2023-12-19 19:12:433 INFO  ViewSystemUsersPage :101 - Clicking on UserRole drop-down : [[ChromeDriver: chrome on windows (1d796784435d475a4577fd7bd6005e6e)] -> xpath: //div[@class='oxd-table-filter-area']//div[2]//div[1]//div[2]//div[1]//div[1]//div[1]]
2023-12-19 19:12:494 INFO  ViewSystemUsersPage :106 - Clicking on Admin option in UserRole drop-down : [[ChromeDriver: chrome on windows (1d796784435d475a4577fd7bd6005e6e)] -> xpath: //span[contains(text(),'Admin')]]
2023-12-19 19:12:755 INFO  ViewSystemUsersPage :117 - Clicking on Status drop-down : [[ChromeDriver: chrome on windows (1d796784435d475a4577fd7bd6005e6e)] -> xpath: (//i)[13]]
2023-12-19 19:12:920 INFO  ViewSystemUsersPage :122 - Clicking on Disable option in Status drop-down : [[ChromeDriver: chrome on windows (1d796784435d475a4577fd7bd6005e6e)] -> xpath: //span[normalize-space()='Disabled']]
2023-12-19 19:12:995 INFO  ViewSystemUsersPage :132 - Clicking on Search button : [[ChromeDriver: chrome on windows (1d796784435d475a4577fd7bd6005e6e)] -> xpath: //button[normalize-space()='Search']]
2023-12-19 19:12:155 INFO  ViewSystemUsersPage :141 - Getting UserName from record : Proxy element for: DefaultElementLocator 'By.xpath: (//div[@data-v-6c07a142])[1]'
2023-12-19 19:12:529 INFO  LoginPage :45 - Send Admin to username field : [[ChromeDriver: chrome on windows (431abe7d0017839a497b79306ab212d3)] -> xpath: //input[@placeholder='Username']]
2023-12-19 19:12:619 INFO  LoginPage :50 - Send admin123 to password field : [[ChromeDriver: chrome on windows (431abe7d0017839a497b79306ab212d3)] -> xpath: //input[@placeholder='Password']]
2023-12-19 19:12:692 INFO  LoginPage :55 - Clicking on Login button : [[ChromeDriver: chrome on windows (431abe7d0017839a497b79306ab212d3)] -> xpath: //button[normalize-space()='Login']]
2023-12-19 19:12:779 INFO  HomePage :46 - Clicking on Admin link : [[ChromeDriver: chrome on windows (431abe7d0017839a497b79306ab212d3)] -> xpath: //li[1]//a[1]//span[1]]
2023-12-19 19:12:43 INFO  ViewSystemUsersPage :91 - Verifying System Users text : [[ChromeDriver: chrome on windows (431abe7d0017839a497b79306ab212d3)] -> xpath: //h5[normalize-space()='System Users']]
2023-12-19 19:12:129 INFO  ViewSystemUsersPage :97 - Enter Admin to User Name field : [[ChromeDriver: chrome on windows (431abe7d0017839a497b79306ab212d3)] -> xpath: //div[@class='oxd-input-group oxd-input-field-bottom-space']//div//input[@class='oxd-input oxd-input--active']]
2023-12-19 19:12:143 INFO  ViewSystemUsersPage :101 - Clicking on UserRole drop-down : [[ChromeDriver: chrome on windows (431abe7d0017839a497b79306ab212d3)] -> xpath: //div[@class='oxd-table-filter-area']//div[2]//div[1]//div[2]//div[1]//div[1]//div[1]]
2023-12-19 19:12:195 INFO  ViewSystemUsersPage :111 - Clicking on ESS option in UserRole drop-down : [[ChromeDriver: chrome on windows (431abe7d0017839a497b79306ab212d3)] -> xpath: //span[contains(text(),'ESS')]]
2023-12-19 19:12:501 INFO  ViewSystemUsersPage :117 - Clicking on Status drop-down : [[ChromeDriver: chrome on windows (431abe7d0017839a497b79306ab212d3)] -> xpath: (//i)[13]]
2023-12-19 19:12:666 INFO  ViewSystemUsersPage :122 - Clicking on Disable option in Status drop-down : [[ChromeDriver: chrome on windows (431abe7d0017839a497b79306ab212d3)] -> xpath: //span[normalize-space()='Disabled']]
2023-12-19 19:12:822 INFO  ViewSystemUsersPage :132 - Clicking on Search button : [[ChromeDriver: chrome on windows (431abe7d0017839a497b79306ab212d3)] -> xpath: //button[normalize-space()='Search']]
2023-12-19 19:12:947 INFO  ViewSystemUsersPage :166 - Getting OneRecord Found message : Proxy element for: DefaultElementLocator 'By.xpath: //span[normalize-space()='(1) Record Found']'
2023-12-19 19:12:800 INFO  LoginPage :45 - Send Admin to username field : [[ChromeDriver: chrome on windows (1ab51c1c2bdd1d9b552d2fe7667607a5)] -> xpath: //input[@placeholder='Username']]
2023-12-19 19:12:889 INFO  LoginPage :50 - Send admin123 to password field : [[ChromeDriver: chrome on windows (1ab51c1c2bdd1d9b552d2fe7667607a5)] -> xpath: //input[@placeholder='Password']]
2023-12-19 19:12:960 INFO  LoginPage :55 - Clicking on Login button : [[ChromeDriver: chrome on windows (1ab51c1c2bdd1d9b552d2fe7667607a5)] -> xpath: //button[normalize-space()='Login']]
2023-12-19 19:12:785 INFO  HomePage :46 - Clicking on Admin link : [[ChromeDriver: chrome on windows (1ab51c1c2bdd1d9b552d2fe7667607a5)] -> xpath: //li[1]//a[1]//span[1]]
2023-12-19 19:12:04 INFO  ViewSystemUsersPage :91 - Verifying System Users text : [[ChromeDriver: chrome on windows (1ab51c1c2bdd1d9b552d2fe7667607a5)] -> xpath: //h5[normalize-space()='System Users']]
2023-12-19 19:12:98 INFO  ViewSystemUsersPage :97 - Enter Nina.Patel to User Name field : [[ChromeDriver: chrome on windows (1ab51c1c2bdd1d9b552d2fe7667607a5)] -> xpath: //div[@class='oxd-input-group oxd-input-field-bottom-space']//div//input[@class='oxd-input oxd-input--active']]
2023-12-19 19:12:113 INFO  ViewSystemUsersPage :101 - Clicking on UserRole drop-down : [[ChromeDriver: chrome on windows (1ab51c1c2bdd1d9b552d2fe7667607a5)] -> xpath: //div[@class='oxd-table-filter-area']//div[2]//div[1]//div[2]//div[1]//div[1]//div[1]]
2023-12-19 19:12:174 INFO  ViewSystemUsersPage :111 - Clicking on ESS option in UserRole drop-down : [[ChromeDriver: chrome on windows (1ab51c1c2bdd1d9b552d2fe7667607a5)] -> xpath: //span[contains(text(),'ESS')]]
2023-12-19 19:12:461 INFO  ViewSystemUsersPage :117 - Clicking on Status drop-down : [[ChromeDriver: chrome on windows (1ab51c1c2bdd1d9b552d2fe7667607a5)] -> xpath: (//i)[13]]
2023-12-19 19:12:614 INFO  ViewSystemUsersPage :122 - Clicking on Disable option in Status drop-down : [[ChromeDriver: chrome on windows (1ab51c1c2bdd1d9b552d2fe7667607a5)] -> xpath: //span[normalize-space()='Disabled']]
2023-12-19 19:12:675 INFO  ViewSystemUsersPage :132 - Clicking on Search button : [[ChromeDriver: chrome on windows (1ab51c1c2bdd1d9b552d2fe7667607a5)] -> xpath: //button[normalize-space()='Search']]
2023-12-19 19:12:689 INFO  ViewSystemUsersPage :166 - Getting OneRecord Found message : Proxy element for: DefaultElementLocator 'By.xpath: //span[normalize-space()='(1) Record Found']'
2023-12-19 19:12:494 INFO  LoginPage :45 - Send Admin to username field : [[ChromeDriver: chrome on windows (99ee5c65a392914a2f8ddd624636c704)] -> xpath: //input[@placeholder='Username']]
2023-12-19 19:12:590 INFO  LoginPage :50 - Send admin123 to password field : [[ChromeDriver: chrome on windows (99ee5c65a392914a2f8ddd624636c704)] -> xpath: //input[@placeholder='Password']]
2023-12-19 19:12:654 INFO  LoginPage :55 - Clicking on Login button : [[ChromeDriver: chrome on windows (99ee5c65a392914a2f8ddd624636c704)] -> xpath: //button[normalize-space()='Login']]
2023-12-19 19:12:981 INFO  DashboardPage :27 - Getting text from : [[ChromeDriver: chrome on windows (99ee5c65a392914a2f8ddd624636c704)] -> xpath: //h6[normalize-space()='Dashboard']]
2023-12-19 19:12:806 INFO  LoginPage :45 - Send Admin to username field : [[ChromeDriver: chrome on windows (672049cf264ad4c8a60c4a1ef9bbcef8)] -> xpath: //input[@placeholder='Username']]
2023-12-19 19:12:885 INFO  LoginPage :50 - Send admin123 to password field : [[ChromeDriver: chrome on windows (672049cf264ad4c8a60c4a1ef9bbcef8)] -> xpath: //input[@placeholder='Password']]
2023-12-19 19:12:962 INFO  LoginPage :55 - Clicking on Login button : [[ChromeDriver: chrome on windows (672049cf264ad4c8a60c4a1ef9bbcef8)] -> xpath: //button[normalize-space()='Login']]
2023-12-19 19:12:37 INFO  HomePage :40 - Verifying orangeHRM Logo from : [[ChromeDriver: chrome on windows (672049cf264ad4c8a60c4a1ef9bbcef8)] -> xpath: //img[@alt='client brand banner']]
2023-12-19 19:12:447 INFO  LoginPage :45 - Send Admin to username field : [[ChromeDriver: chrome on windows (591dac92d408013f956d5b7de82718af)] -> xpath: //input[@placeholder='Username']]
2023-12-19 19:12:542 INFO  LoginPage :50 - Send admin123 to password field : [[ChromeDriver: chrome on windows (591dac92d408013f956d5b7de82718af)] -> xpath: //input[@placeholder='Password']]
2023-12-19 19:12:619 INFO  LoginPage :55 - Clicking on Login button : [[ChromeDriver: chrome on windows (591dac92d408013f956d5b7de82718af)] -> xpath: //button[normalize-space()='Login']]
2023-12-19 19:12:997 INFO  DashboardPage :33 - Clicking on user profile logo : [[ChromeDriver: chrome on windows (591dac92d408013f956d5b7de82718af)] -> xpath: //img[@class='oxd-userdropdown-img']]
2023-12-19 19:12:898 INFO  DashboardPage :38 - Clicking on logout link : [[ChromeDriver: chrome on windows (591dac92d408013f956d5b7de82718af)] -> xpath: //a[normalize-space()='Logout']]
2023-12-19 19:12:266 INFO  LoginPage :59 - Verify text for login panel : Proxy element for: DefaultElementLocator 'By.xpath: //h5[normalize-space()='Login']'
2023-12-19 19:12:115 INFO  LoginPage :45 - Send  to username field : [[ChromeDriver: chrome on windows (8227cda43727f00ab66b6d3cede1c2bf)] -> xpath: //input[@placeholder='Username']]
2023-12-19 19:12:192 INFO  LoginPage :50 - Send  to password field : [[ChromeDriver: chrome on windows (8227cda43727f00ab66b6d3cede1c2bf)] -> xpath: //input[@placeholder='Password']]
2023-12-19 19:12:244 INFO  LoginPage :55 - Clicking on Login button : [[ChromeDriver: chrome on windows (8227cda43727f00ab66b6d3cede1c2bf)] -> xpath: //button[normalize-space()='Login']]
2023-12-19 19:12:266 INFO  LoginPage :64 - Getting username field blank error message : [[ChromeDriver: chrome on windows (8227cda43727f00ab66b6d3cede1c2bf)] -> xpath: //div[@class='orangehrm-login-slot-wrapper']//div[1]//div[1]//span[1]]
2023-12-19 19:12:760 INFO  LoginPage :45 - Send test123@gmail.com to username field : [[ChromeDriver: chrome on windows (bcf9113d572d3d2d56cca58819570cbe)] -> xpath: //input[@placeholder='Username']]
2023-12-19 19:12:829 INFO  LoginPage :50 - Send  to password field : [[ChromeDriver: chrome on windows (bcf9113d572d3d2d56cca58819570cbe)] -> xpath: //input[@placeholder='Password']]
2023-12-19 19:12:926 INFO  LoginPage :55 - Clicking on Login button : [[ChromeDriver: chrome on windows (bcf9113d572d3d2d56cca58819570cbe)] -> xpath: //button[normalize-space()='Login']]
2023-12-19 19:12:943 INFO  LoginPage :69 - Getting password field blank error message : [[ChromeDriver: chrome on windows (bcf9113d572d3d2d56cca58819570cbe)] -> xpath: //span[@class='oxd-text oxd-text--span oxd-input-field-error-message oxd-input-group__message']]
2023-12-19 19:12:362 INFO  LoginPage :45 - Send  to username field : [[ChromeDriver: chrome on windows (5a260b4569f0748bb2b61f668b6fdf3c)] -> xpath: //input[@placeholder='Username']]
2023-12-19 19:12:470 INFO  LoginPage :50 - Send test123 to password field : [[ChromeDriver: chrome on windows (5a260b4569f0748bb2b61f668b6fdf3c)] -> xpath: //input[@placeholder='Password']]
2023-12-19 19:12:541 INFO  LoginPage :55 - Clicking on Login button : [[ChromeDriver: chrome on windows (5a260b4569f0748bb2b61f668b6fdf3c)] -> xpath: //button[normalize-space()='Login']]
2023-12-19 19:12:565 INFO  LoginPage :64 - Getting username field blank error message : [[ChromeDriver: chrome on windows (5a260b4569f0748bb2b61f668b6fdf3c)] -> xpath: //div[@class='orangehrm-login-slot-wrapper']//div[1]//div[1]//span[1]]
2023-12-19 19:12:16 INFO  LoginPage :45 - Send test123@gmail.com to username field : [[ChromeDriver: chrome on windows (374255661a55d13674dc82f3d1575e86)] -> xpath: //input[@placeholder='Username']]
2023-12-19 19:12:97 INFO  LoginPage :50 - Send test123 to password field : [[ChromeDriver: chrome on windows (374255661a55d13674dc82f3d1575e86)] -> xpath: //input[@placeholder='Password']]
2023-12-19 19:12:616 INFO  LoginPage :55 - Clicking on Login button : [[ChromeDriver: chrome on windows (374255661a55d13674dc82f3d1575e86)] -> xpath: //button[normalize-space()='Login']]
2023-12-19 19:12:938 INFO  LoginPage :74 - Getting invalid credential error message : [[ChromeDriver: chrome on windows (374255661a55d13674dc82f3d1575e86)] -> xpath: //p[@class='oxd-text oxd-text--p oxd-alert-content-text']]
2023-12-19 19:12:655 INFO  LoginPage :45 - Send Admin to username field : [[ChromeDriver: chrome on windows (a754ee876e537434e891299d4bcbc9bf)] -> xpath: //input[@placeholder='Username']]
2023-12-19 19:12:733 INFO  LoginPage :50 - Send admin123 to password field : [[ChromeDriver: chrome on windows (a754ee876e537434e891299d4bcbc9bf)] -> xpath: //input[@placeholder='Password']]
2023-12-19 19:12:615 INFO  LoginPage :55 - Clicking on Login button : [[ChromeDriver: chrome on windows (a754ee876e537434e891299d4bcbc9bf)] -> xpath: //button[normalize-space()='Login']]
2023-12-19 19:12:864 INFO  DashboardPage :27 - Getting text from : [[ChromeDriver: chrome on windows (a754ee876e537434e891299d4bcbc9bf)] -> xpath: //h6[normalize-space()='Dashboard']]
2023-12-19 19:12:404 INFO  LoginPage :45 - Send Admin to username field : [[ChromeDriver: chrome on windows (bf66d6f09b954bea8431f1db1113c476)] -> xpath: //input[@placeholder='Username']]
2023-12-19 19:12:516 INFO  LoginPage :50 - Send admin123 to password field : [[ChromeDriver: chrome on windows (bf66d6f09b954bea8431f1db1113c476)] -> xpath: //input[@placeholder='Password']]
2023-12-19 19:12:584 INFO  LoginPage :55 - Clicking on Login button : [[ChromeDriver: chrome on windows (bf66d6f09b954bea8431f1db1113c476)] -> xpath: //button[normalize-space()='Login']]
2023-12-19 19:12:615 INFO  HomePage :40 - Verifying orangeHRM Logo from : [[ChromeDriver: chrome on windows (bf66d6f09b954bea8431f1db1113c476)] -> xpath: //img[@alt='client brand banner']]
2023-12-19 19:12:979 INFO  LoginPage :45 - Send Admin to username field : [[ChromeDriver: chrome on windows (36f0af2ad89e6bb5a12c9cfecf4f3dec)] -> xpath: //input[@placeholder='Username']]
2023-12-19 19:12:81 INFO  LoginPage :50 - Send admin123 to password field : [[ChromeDriver: chrome on windows (36f0af2ad89e6bb5a12c9cfecf4f3dec)] -> xpath: //input[@placeholder='Password']]
2023-12-19 19:12:149 INFO  LoginPage :55 - Clicking on Login button : [[ChromeDriver: chrome on windows (36f0af2ad89e6bb5a12c9cfecf4f3dec)] -> xpath: //button[normalize-space()='Login']]
2023-12-19 19:12:309 INFO  DashboardPage :33 - Clicking on user profile logo : [[ChromeDriver: chrome on windows (36f0af2ad89e6bb5a12c9cfecf4f3dec)] -> xpath: //img[@class='oxd-userdropdown-img']]
2023-12-19 19:12:131 INFO  DashboardPage :38 - Clicking on logout link : [[ChromeDriver: chrome on windows (36f0af2ad89e6bb5a12c9cfecf4f3dec)] -> xpath: //a[normalize-space()='Logout']]
2023-12-19 19:12:66 INFO  LoginPage :59 - Verify text for login panel : Proxy element for: DefaultElementLocator 'By.xpath: //h5[normalize-space()='Login']'
2023-12-19 19:12:446 INFO  LoginPage :45 - Send  to username field : [[ChromeDriver: chrome on windows (aaa19d44e0f209ffda2490a38b439084)] -> xpath: //input[@placeholder='Username']]
2023-12-19 19:12:535 INFO  LoginPage :50 - Send test123 to password field : [[ChromeDriver: chrome on windows (aaa19d44e0f209ffda2490a38b439084)] -> xpath: //input[@placeholder='Password']]
2023-12-19 19:12:603 INFO  LoginPage :55 - Clicking on Login button : [[ChromeDriver: chrome on windows (aaa19d44e0f209ffda2490a38b439084)] -> xpath: //button[normalize-space()='Login']]
2023-12-19 19:12:619 INFO  LoginPage :64 - Getting username field blank error message : [[ChromeDriver: chrome on windows (aaa19d44e0f209ffda2490a38b439084)] -> xpath: //div[@class='orangehrm-login-slot-wrapper']//div[1]//div[1]//span[1]]
2023-12-19 19:12:270 INFO  LoginPage :45 - Send test123@gmail.com to username field : [[ChromeDriver: chrome on windows (11b2ccb96023302571e922757eea4b41)] -> xpath: //input[@placeholder='Username']]
2023-12-19 19:12:363 INFO  LoginPage :50 - Send test123 to password field : [[ChromeDriver: chrome on windows (11b2ccb96023302571e922757eea4b41)] -> xpath: //input[@placeholder='Password']]
2023-12-19 19:12:877 INFO  LoginPage :55 - Clicking on Login button : [[ChromeDriver: chrome on windows (11b2ccb96023302571e922757eea4b41)] -> xpath: //button[normalize-space()='Login']]
2023-12-19 19:12:49 INFO  LoginPage :74 - Getting invalid credential error message : [[ChromeDriver: chrome on windows (11b2ccb96023302571e922757eea4b41)] -> xpath: //p[@class='oxd-text oxd-text--p oxd-alert-content-text']]
2023-12-19 19:12:598 INFO  LoginPage :45 - Send Admin to username field : [[ChromeDriver: chrome on windows (169db67c2a5fa46fda9a0ddd47bb2190)] -> xpath: //input[@placeholder='Username']]
2023-12-19 19:12:680 INFO  LoginPage :50 - Send admin123 to password field : [[ChromeDriver: chrome on windows (169db67c2a5fa46fda9a0ddd47bb2190)] -> xpath: //input[@placeholder='Password']]
2023-12-19 19:12:562 INFO  LoginPage :55 - Clicking on Login button : [[ChromeDriver: chrome on windows (169db67c2a5fa46fda9a0ddd47bb2190)] -> xpath: //button[normalize-space()='Login']]
2023-12-19 19:12:870 INFO  HomePage :46 - Clicking on Admin link : [[ChromeDriver: chrome on windows (169db67c2a5fa46fda9a0ddd47bb2190)] -> xpath: //li[1]//a[1]//span[1]]
2023-12-19 19:12:123 INFO  ViewSystemUsersPage :91 - Verifying System Users text : [[ChromeDriver: chrome on windows (169db67c2a5fa46fda9a0ddd47bb2190)] -> xpath: //h5[normalize-space()='System Users']]
2023-12-19 19:12:649 INFO  ViewSystemUsersPage :162 - Clicking on Add button : [[ChromeDriver: chrome on windows (169db67c2a5fa46fda9a0ddd47bb2190)] -> xpath: //button[normalize-space()='Add']]
2023-12-19 19:12:888 INFO  AddUsersPage :75 - Verifying AddUser text from : [[ChromeDriver: chrome on windows (169db67c2a5fa46fda9a0ddd47bb2190)] -> xpath: //h6[normalize-space()='Add User']]
2023-12-19 19:12:923 INFO  AddUsersPage :80 - Clicking on UserRole drop-down : [[ChromeDriver: chrome on windows (169db67c2a5fa46fda9a0ddd47bb2190)] -> xpath: (//div[@class = 'oxd-select-wrapper'])[1]]
2023-12-19 19:12:109 INFO  AddUsersPage :85 - Clicking on Admin option in UserRole drop-down : [[ChromeDriver: chrome on windows (169db67c2a5fa46fda9a0ddd47bb2190)] -> xpath: //span[contains(text(),'Admin')]]
2023-12-19 19:12:383 INFO  AddUsersPage :96 - Enter Peter Mac Anderson to Employee Name field : [[ChromeDriver: chrome on windows (169db67c2a5fa46fda9a0ddd47bb2190)] -> xpath: //input[@placeholder='Type for hints...']]
2023-12-19 19:12:527 INFO  AddUsersPage :116 - Enter Prime78 to User Name field : [[ChromeDriver: chrome on windows (169db67c2a5fa46fda9a0ddd47bb2190)] -> xpath: //div[@class = 'oxd-form-row']//input[@class = 'oxd-input oxd-input--active']]
2023-12-19 19:12:627 INFO  AddUsersPage :101 - Clicking on Status drop-down : [[ChromeDriver: chrome on windows (169db67c2a5fa46fda9a0ddd47bb2190)] -> xpath: //div[contains(text(),'-- Select --')]]
2023-12-19 19:12:794 INFO  AddUsersPage :106 - Clicking on Disable option in Status drop-down : [[ChromeDriver: chrome on windows (169db67c2a5fa46fda9a0ddd47bb2190)] -> xpath: //span[normalize-space()='Disabled']]
2023-12-19 19:12:946 INFO  AddUsersPage :121 - Enter prime123 to Password field : [[ChromeDriver: chrome on windows (169db67c2a5fa46fda9a0ddd47bb2190)] -> xpath: //div[@class='oxd-grid-item oxd-grid-item--gutters user-password-cell']//div[@class='oxd-input-group oxd-input-field-bottom-space']//div//input[@type='password']]
2023-12-19 19:12:44 INFO  AddUsersPage :126 - Enter prime123 to Confirm Password field : [[ChromeDriver: chrome on windows (169db67c2a5fa46fda9a0ddd47bb2190)] -> xpath: //div[@class='oxd-grid-item oxd-grid-item--gutters']//div[@class='oxd-input-group oxd-input-field-bottom-space']//div//input[@type='password']]
2023-12-19 19:12:96 INFO  AddUsersPage :131 - Clicking on Save button : [[ChromeDriver: chrome on windows (169db67c2a5fa46fda9a0ddd47bb2190)] -> xpath: //button[normalize-space()='Save']]
2023-12-19 19:12:538 INFO  AddUsersPage :140 - Getting User Added Successfully message : Proxy element for: DefaultElementLocator 'By.xpath: //p[@class='oxd-text oxd-text--p oxd-text--toast-message oxd-toast-content-text']'
2023-12-19 19:12:247 INFO  LoginPage :45 - Send Admin to username field : [[ChromeDriver: chrome on windows (1b2406064df31a6a6252f1f5484497b0)] -> xpath: //input[@placeholder='Username']]
2023-12-19 19:12:321 INFO  LoginPage :50 - Send admin123 to password field : [[ChromeDriver: chrome on windows (1b2406064df31a6a6252f1f5484497b0)] -> xpath: //input[@placeholder='Password']]
2023-12-19 19:12:188 INFO  LoginPage :55 - Clicking on Login button : [[ChromeDriver: chrome on windows (1b2406064df31a6a6252f1f5484497b0)] -> xpath: //button[normalize-space()='Login']]
2023-12-19 19:12:519 INFO  HomePage :46 - Clicking on Admin link : [[ChromeDriver: chrome on windows (1b2406064df31a6a6252f1f5484497b0)] -> xpath: //li[1]//a[1]//span[1]]
2023-12-19 19:12:793 INFO  ViewSystemUsersPage :91 - Verifying System Users text : [[ChromeDriver: chrome on windows (1b2406064df31a6a6252f1f5484497b0)] -> xpath: //h5[normalize-space()='System Users']]
2023-12-19 19:12:977 INFO  ViewSystemUsersPage :97 - Enter Prime78 to User Name field : [[ChromeDriver: chrome on windows (1b2406064df31a6a6252f1f5484497b0)] -> xpath: //div[@class='oxd-input-group oxd-input-field-bottom-space']//div//input[@class='oxd-input oxd-input--active']]
2023-12-19 19:12:15 INFO  ViewSystemUsersPage :101 - Clicking on UserRole drop-down : [[ChromeDriver: chrome on windows (1b2406064df31a6a6252f1f5484497b0)] -> xpath: //div[@class='oxd-table-filter-area']//div[2]//div[1]//div[2]//div[1]//div[1]//div[1]]
2023-12-19 19:12:285 INFO  ViewSystemUsersPage :106 - Clicking on Admin option in UserRole drop-down : [[ChromeDriver: chrome on windows (1b2406064df31a6a6252f1f5484497b0)] -> xpath: //span[contains(text(),'Admin')]]
2023-12-19 19:12:604 INFO  ViewSystemUsersPage :117 - Clicking on Status drop-down : [[ChromeDriver: chrome on windows (1b2406064df31a6a6252f1f5484497b0)] -> xpath: (//i)[13]]
2023-12-19 19:12:833 INFO  ViewSystemUsersPage :122 - Clicking on Disable option in Status drop-down : [[ChromeDriver: chrome on windows (1b2406064df31a6a6252f1f5484497b0)] -> xpath: //span[normalize-space()='Disabled']]
2023-12-19 19:12:07 INFO  ViewSystemUsersPage :132 - Clicking on Search button : [[ChromeDriver: chrome on windows (1b2406064df31a6a6252f1f5484497b0)] -> xpath: //button[normalize-space()='Search']]
2023-12-19 20:12:696 INFO  LoginPage :45 - Send Admin to username field : [[ChromeDriver: chrome on windows (7ff30ff756f62bf8491a430aceb49109)] -> xpath: //input[@placeholder='Username']]
2023-12-19 20:12:783 INFO  LoginPage :50 - Send admin123 to password field : [[ChromeDriver: chrome on windows (7ff30ff756f62bf8491a430aceb49109)] -> xpath: //input[@placeholder='Password']]
2023-12-19 20:12:845 INFO  LoginPage :55 - Clicking on Login button : [[ChromeDriver: chrome on windows (7ff30ff756f62bf8491a430aceb49109)] -> xpath: //button[normalize-space()='Login']]
2023-12-19 20:12:796 INFO  DashboardPage :27 - Getting text from : [[ChromeDriver: chrome on windows (7ff30ff756f62bf8491a430aceb49109)] -> xpath: //h6[normalize-space()='Dashboard']]
2023-12-19 20:12:175 INFO  LoginPage :45 - Send Admin to username field : [[ChromeDriver: chrome on windows (164936a661fd290aa642e8095e72abc8)] -> xpath: //input[@placeholder='Username']]
2023-12-19 20:12:266 INFO  LoginPage :50 - Send admin123 to password field : [[ChromeDriver: chrome on windows (164936a661fd290aa642e8095e72abc8)] -> xpath: //input[@placeholder='Password']]
2023-12-19 20:12:330 INFO  LoginPage :55 - Clicking on Login button : [[ChromeDriver: chrome on windows (164936a661fd290aa642e8095e72abc8)] -> xpath: //button[normalize-space()='Login']]
2023-12-19 20:12:274 INFO  HomePage :40 - Verifying orangeHRM Logo from : [[ChromeDriver: chrome on windows (164936a661fd290aa642e8095e72abc8)] -> xpath: //img[@alt='client brand banner']]
2023-12-19 20:12:72 INFO  LoginPage :45 - Send Admin to username field : [[ChromeDriver: chrome on windows (10e8f48633d0e4e33ad90aad28d26c21)] -> xpath: //input[@placeholder='Username']]
2023-12-19 20:12:179 INFO  LoginPage :50 - Send admin123 to password field : [[ChromeDriver: chrome on windows (10e8f48633d0e4e33ad90aad28d26c21)] -> xpath: //input[@placeholder='Password']]
2023-12-19 20:12:226 INFO  LoginPage :55 - Clicking on Login button : [[ChromeDriver: chrome on windows (10e8f48633d0e4e33ad90aad28d26c21)] -> xpath: //button[normalize-space()='Login']]
2023-12-19 20:12:193 INFO  DashboardPage :33 - Clicking on user profile logo : [[ChromeDriver: chrome on windows (10e8f48633d0e4e33ad90aad28d26c21)] -> xpath: //img[@class='oxd-userdropdown-img']]
2023-12-19 20:12:129 INFO  DashboardPage :38 - Clicking on logout link : [[ChromeDriver: chrome on windows (10e8f48633d0e4e33ad90aad28d26c21)] -> xpath: //a[normalize-space()='Logout']]
2023-12-19 20:12:183 INFO  LoginPage :59 - Verify text for login panel : Proxy element for: DefaultElementLocator 'By.xpath: //h5[normalize-space()='Login']'
2023-12-19 20:12:979 INFO  LoginPage :45 - Send  to username field : [[ChromeDriver: chrome on windows (6a09ffb2f907875cd543d48fb4e231b5)] -> xpath: //input[@placeholder='Username']]
2023-12-19 20:12:67 INFO  LoginPage :50 - Send  to password field : [[ChromeDriver: chrome on windows (6a09ffb2f907875cd543d48fb4e231b5)] -> xpath: //input[@placeholder='Password']]
2023-12-19 20:12:138 INFO  LoginPage :55 - Clicking on Login button : [[ChromeDriver: chrome on windows (6a09ffb2f907875cd543d48fb4e231b5)] -> xpath: //button[normalize-space()='Login']]
2023-12-19 20:12:155 INFO  LoginPage :64 - Getting username field blank error message : [[ChromeDriver: chrome on windows (6a09ffb2f907875cd543d48fb4e231b5)] -> xpath: //div[@class='orangehrm-login-slot-wrapper']//div[1]//div[1]//span[1]]
2023-12-19 20:12:962 INFO  LoginPage :45 - Send test123@gmail.com to username field : [[ChromeDriver: chrome on windows (46b9ff947b3a7ab73acdf005b25a3daa)] -> xpath: //input[@placeholder='Username']]
2023-12-19 20:12:29 INFO  LoginPage :50 - Send  to password field : [[ChromeDriver: chrome on windows (46b9ff947b3a7ab73acdf005b25a3daa)] -> xpath: //input[@placeholder='Password']]
2023-12-19 20:12:89 INFO  LoginPage :55 - Clicking on Login button : [[ChromeDriver: chrome on windows (46b9ff947b3a7ab73acdf005b25a3daa)] -> xpath: //button[normalize-space()='Login']]
2023-12-19 20:12:105 INFO  LoginPage :69 - Getting password field blank error message : [[ChromeDriver: chrome on windows (46b9ff947b3a7ab73acdf005b25a3daa)] -> xpath: //span[@class='oxd-text oxd-text--span oxd-input-field-error-message oxd-input-group__message']]
2023-12-19 20:12:785 INFO  LoginPage :45 - Send  to username field : [[ChromeDriver: chrome on windows (351c6b1ff0564ad90ca93b751f3a6bff)] -> xpath: //input[@placeholder='Username']]
2023-12-19 20:12:883 INFO  LoginPage :50 - Send test123 to password field : [[ChromeDriver: chrome on windows (351c6b1ff0564ad90ca93b751f3a6bff)] -> xpath: //input[@placeholder='Password']]
2023-12-19 20:12:944 INFO  LoginPage :55 - Clicking on Login button : [[ChromeDriver: chrome on windows (351c6b1ff0564ad90ca93b751f3a6bff)] -> xpath: //button[normalize-space()='Login']]
2023-12-19 20:12:961 INFO  LoginPage :64 - Getting username field blank error message : [[ChromeDriver: chrome on windows (351c6b1ff0564ad90ca93b751f3a6bff)] -> xpath: //div[@class='orangehrm-login-slot-wrapper']//div[1]//div[1]//span[1]]
2023-12-19 20:12:760 INFO  LoginPage :45 - Send test123@gmail.com to username field : [[ChromeDriver: chrome on windows (41db673150a5eead32ee48e5211296be)] -> xpath: //input[@placeholder='Username']]
2023-12-19 20:12:855 INFO  LoginPage :50 - Send test123 to password field : [[ChromeDriver: chrome on windows (41db673150a5eead32ee48e5211296be)] -> xpath: //input[@placeholder='Password']]
2023-12-19 20:12:905 INFO  LoginPage :55 - Clicking on Login button : [[ChromeDriver: chrome on windows (41db673150a5eead32ee48e5211296be)] -> xpath: //button[normalize-space()='Login']]
2023-12-19 20:12:531 INFO  LoginPage :74 - Getting invalid credential error message : [[ChromeDriver: chrome on windows (41db673150a5eead32ee48e5211296be)] -> xpath: //p[@class='oxd-text oxd-text--p oxd-alert-content-text']]
2023-12-19 20:12:405 INFO  LoginPage :45 - Send Admin to username field : [[ChromeDriver: chrome on windows (e29f1fc59deb2c84e2703a4180feca9c)] -> xpath: //input[@placeholder='Username']]
2023-12-19 20:12:484 INFO  LoginPage :50 - Send admin123 to password field : [[ChromeDriver: chrome on windows (e29f1fc59deb2c84e2703a4180feca9c)] -> xpath: //input[@placeholder='Password']]
2023-12-19 20:12:543 INFO  LoginPage :55 - Clicking on Login button : [[ChromeDriver: chrome on windows (e29f1fc59deb2c84e2703a4180feca9c)] -> xpath: //button[normalize-space()='Login']]
2023-12-19 20:12:503 INFO  HomePage :46 - Clicking on Admin link : [[ChromeDriver: chrome on windows (e29f1fc59deb2c84e2703a4180feca9c)] -> xpath: //li[1]//a[1]//span[1]]
2023-12-19 20:12:825 INFO  ViewSystemUsersPage :91 - Verifying System Users text : [[ChromeDriver: chrome on windows (e29f1fc59deb2c84e2703a4180feca9c)] -> xpath: //h5[normalize-space()='System Users']]
2023-12-19 20:12:205 INFO  ViewSystemUsersPage :162 - Clicking on Add button : [[ChromeDriver: chrome on windows (e29f1fc59deb2c84e2703a4180feca9c)] -> xpath: //button[normalize-space()='Add']]
2023-12-19 20:12:394 INFO  AddUsersPage :75 - Verifying AddUser text from : [[ChromeDriver: chrome on windows (e29f1fc59deb2c84e2703a4180feca9c)] -> xpath: //h6[normalize-space()='Add User']]
2023-12-19 20:12:424 INFO  AddUsersPage :80 - Clicking on UserRole drop-down : [[ChromeDriver: chrome on windows (e29f1fc59deb2c84e2703a4180feca9c)] -> xpath: (//div[@class = 'oxd-select-wrapper'])[1]]
2023-12-19 20:12:572 INFO  AddUsersPage :85 - Clicking on Admin option in UserRole drop-down : [[ChromeDriver: chrome on windows (e29f1fc59deb2c84e2703a4180feca9c)] -> xpath: //span[contains(text(),'Admin')]]
2023-12-19 20:12:708 INFO  AddUsersPage :96 - Enter Peter Mac Anderson to Employee Name field : [[ChromeDriver: chrome on windows (e29f1fc59deb2c84e2703a4180feca9c)] -> xpath: //input[@placeholder='Type for hints...']]
2023-12-19 20:12:788 INFO  AddUsersPage :116 - Enter Prime78 to User Name field : [[ChromeDriver: chrome on windows (e29f1fc59deb2c84e2703a4180feca9c)] -> xpath: //div[@class = 'oxd-form-row']//input[@class = 'oxd-input oxd-input--active']]
2023-12-19 20:12:832 INFO  AddUsersPage :101 - Clicking on Status drop-down : [[ChromeDriver: chrome on windows (e29f1fc59deb2c84e2703a4180feca9c)] -> xpath: //div[contains(text(),'-- Select --')]]
2023-12-19 20:12:978 INFO  AddUsersPage :106 - Clicking on Disable option in Status drop-down : [[ChromeDriver: chrome on windows (e29f1fc59deb2c84e2703a4180feca9c)] -> xpath: //span[normalize-space()='Disabled']]
2023-12-19 20:12:45 INFO  AddUsersPage :121 - Enter prime123 to Password field : [[ChromeDriver: chrome on windows (e29f1fc59deb2c84e2703a4180feca9c)] -> xpath: //div[@class='oxd-grid-item oxd-grid-item--gutters user-password-cell']//div[@class='oxd-input-group oxd-input-field-bottom-space']//div//input[@type='password']]
2023-12-19 20:12:111 INFO  AddUsersPage :126 - Enter prime123 to Confirm Password field : [[ChromeDriver: chrome on windows (e29f1fc59deb2c84e2703a4180feca9c)] -> xpath: //div[@class='oxd-grid-item oxd-grid-item--gutters']//div[@class='oxd-input-group oxd-input-field-bottom-space']//div//input[@type='password']]
2023-12-19 20:12:153 INFO  AddUsersPage :131 - Clicking on Save button : [[ChromeDriver: chrome on windows (e29f1fc59deb2c84e2703a4180feca9c)] -> xpath: //button[normalize-space()='Save']]
2023-12-19 20:12:63 INFO  AddUsersPage :140 - Getting User Added Successfully message : Proxy element for: DefaultElementLocator 'By.xpath: //p[@class='oxd-text oxd-text--p oxd-text--toast-message oxd-toast-content-text']'
2023-12-19 20:12:859 INFO  LoginPage :45 - Send Admin to username field : [[ChromeDriver: chrome on windows (e0622c62cfd9ebaea23ed2f9956d5e7f)] -> xpath: //input[@placeholder='Username']]
2023-12-19 20:12:937 INFO  LoginPage :50 - Send admin123 to password field : [[ChromeDriver: chrome on windows (e0622c62cfd9ebaea23ed2f9956d5e7f)] -> xpath: //input[@placeholder='Password']]
2023-12-19 20:12:708 INFO  LoginPage :55 - Clicking on Login button : [[ChromeDriver: chrome on windows (e0622c62cfd9ebaea23ed2f9956d5e7f)] -> xpath: //button[normalize-space()='Login']]
2023-12-19 20:12:08 INFO  HomePage :46 - Clicking on Admin link : [[ChromeDriver: chrome on windows (e0622c62cfd9ebaea23ed2f9956d5e7f)] -> xpath: //li[1]//a[1]//span[1]]
2023-12-19 20:12:265 INFO  ViewSystemUsersPage :91 - Verifying System Users text : [[ChromeDriver: chrome on windows (e0622c62cfd9ebaea23ed2f9956d5e7f)] -> xpath: //h5[normalize-space()='System Users']]
2023-12-19 20:12:342 INFO  ViewSystemUsersPage :97 - Enter Prime78 to User Name field : [[ChromeDriver: chrome on windows (e0622c62cfd9ebaea23ed2f9956d5e7f)] -> xpath: //div[@class='oxd-input-group oxd-input-field-bottom-space']//div//input[@class='oxd-input oxd-input--active']]
2023-12-19 20:12:355 INFO  ViewSystemUsersPage :101 - Clicking on UserRole drop-down : [[ChromeDriver: chrome on windows (e0622c62cfd9ebaea23ed2f9956d5e7f)] -> xpath: //div[@class='oxd-table-filter-area']//div[2]//div[1]//div[2]//div[1]//div[1]//div[1]]
2023-12-19 20:12:422 INFO  ViewSystemUsersPage :106 - Clicking on Admin option in UserRole drop-down : [[ChromeDriver: chrome on windows (e0622c62cfd9ebaea23ed2f9956d5e7f)] -> xpath: //span[contains(text(),'Admin')]]
2023-12-19 20:12:642 INFO  ViewSystemUsersPage :117 - Clicking on Status drop-down : [[ChromeDriver: chrome on windows (e0622c62cfd9ebaea23ed2f9956d5e7f)] -> xpath: (//i)[13]]
2023-12-19 20:12:778 INFO  ViewSystemUsersPage :122 - Clicking on Disable option in Status drop-down : [[ChromeDriver: chrome on windows (e0622c62cfd9ebaea23ed2f9956d5e7f)] -> xpath: //span[normalize-space()='Disabled']]
2023-12-19 20:12:846 INFO  ViewSystemUsersPage :132 - Clicking on Search button : [[ChromeDriver: chrome on windows (e0622c62cfd9ebaea23ed2f9956d5e7f)] -> xpath: //button[normalize-space()='Search']]
2023-12-19 20:12:664 INFO  ViewSystemUsersPage :141 - Getting UserName from record : Proxy element for: DefaultElementLocator 'By.xpath: (//div[@data-v-6c07a142])[1]'
2023-12-19 20:12:295 INFO  LoginPage :45 - Send Admin to username field : [[ChromeDriver: chrome on windows (a457cb68092ad5306a1f31776ba26c69)] -> xpath: //input[@placeholder='Username']]
2023-12-19 20:12:388 INFO  LoginPage :50 - Send admin123 to password field : [[ChromeDriver: chrome on windows (a457cb68092ad5306a1f31776ba26c69)] -> xpath: //input[@placeholder='Password']]
2023-12-19 20:12:440 INFO  LoginPage :55 - Clicking on Login button : [[ChromeDriver: chrome on windows (a457cb68092ad5306a1f31776ba26c69)] -> xpath: //button[normalize-space()='Login']]
2023-12-19 20:12:140 INFO  HomePage :46 - Clicking on Admin link : [[ChromeDriver: chrome on windows (a457cb68092ad5306a1f31776ba26c69)] -> xpath: //li[1]//a[1]//span[1]]
2023-12-19 20:12:746 INFO  ViewSystemUsersPage :91 - Verifying System Users text : [[ChromeDriver: chrome on windows (a457cb68092ad5306a1f31776ba26c69)] -> xpath: //h5[normalize-space()='System Users']]
2023-12-19 20:12:833 INFO  ViewSystemUsersPage :97 - Enter Prime78 to User Name field : [[ChromeDriver: chrome on windows (a457cb68092ad5306a1f31776ba26c69)] -> xpath: //div[@class='oxd-input-group oxd-input-field-bottom-space']//div//input[@class='oxd-input oxd-input--active']]
2023-12-19 20:12:845 INFO  ViewSystemUsersPage :101 - Clicking on UserRole drop-down : [[ChromeDriver: chrome on windows (a457cb68092ad5306a1f31776ba26c69)] -> xpath: //div[@class='oxd-table-filter-area']//div[2]//div[1]//div[2]//div[1]//div[1]//div[1]]
2023-12-19 20:12:915 INFO  ViewSystemUsersPage :106 - Clicking on Admin option in UserRole drop-down : [[ChromeDriver: chrome on windows (a457cb68092ad5306a1f31776ba26c69)] -> xpath: //span[contains(text(),'Admin')]]
2023-12-19 20:12:137 INFO  ViewSystemUsersPage :117 - Clicking on Status drop-down : [[ChromeDriver: chrome on windows (a457cb68092ad5306a1f31776ba26c69)] -> xpath: (//i)[13]]
2023-12-19 20:12:272 INFO  ViewSystemUsersPage :122 - Clicking on Disable option in Status drop-down : [[ChromeDriver: chrome on windows (a457cb68092ad5306a1f31776ba26c69)] -> xpath: //span[normalize-space()='Disabled']]
2023-12-19 20:12:329 INFO  ViewSystemUsersPage :132 - Clicking on Search button : [[ChromeDriver: chrome on windows (a457cb68092ad5306a1f31776ba26c69)] -> xpath: //button[normalize-space()='Search']]
2023-12-19 20:12:931 INFO  LoginPage :45 - Send Admin to username field : [[ChromeDriver: chrome on windows (c8db88a24d8082329e4e98243f56a9e0)] -> xpath: //input[@placeholder='Username']]
2023-12-19 20:12:29 INFO  LoginPage :50 - Send admin123 to password field : [[ChromeDriver: chrome on windows (c8db88a24d8082329e4e98243f56a9e0)] -> xpath: //input[@placeholder='Password']]
2023-12-19 20:12:92 INFO  LoginPage :55 - Clicking on Login button : [[ChromeDriver: chrome on windows (c8db88a24d8082329e4e98243f56a9e0)] -> xpath: //button[normalize-space()='Login']]
2023-12-19 20:12:58 INFO  HomePage :46 - Clicking on Admin link : [[ChromeDriver: chrome on windows (c8db88a24d8082329e4e98243f56a9e0)] -> xpath: //li[1]//a[1]//span[1]]
2023-12-19 20:12:291 INFO  ViewSystemUsersPage :91 - Verifying System Users text : [[ChromeDriver: chrome on windows (c8db88a24d8082329e4e98243f56a9e0)] -> xpath: //h5[normalize-space()='System Users']]
2023-12-19 20:12:375 INFO  ViewSystemUsersPage :97 - Enter Admin to User Name field : [[ChromeDriver: chrome on windows (c8db88a24d8082329e4e98243f56a9e0)] -> xpath: //div[@class='oxd-input-group oxd-input-field-bottom-space']//div//input[@class='oxd-input oxd-input--active']]
2023-12-19 20:12:388 INFO  ViewSystemUsersPage :101 - Clicking on UserRole drop-down : [[ChromeDriver: chrome on windows (c8db88a24d8082329e4e98243f56a9e0)] -> xpath: //div[@class='oxd-table-filter-area']//div[2]//div[1]//div[2]//div[1]//div[1]//div[1]]
2023-12-19 20:12:459 INFO  ViewSystemUsersPage :111 - Clicking on ESS option in UserRole drop-down : [[ChromeDriver: chrome on windows (c8db88a24d8082329e4e98243f56a9e0)] -> xpath: //span[contains(text(),'ESS')]]
2023-12-19 20:12:695 INFO  ViewSystemUsersPage :117 - Clicking on Status drop-down : [[ChromeDriver: chrome on windows (c8db88a24d8082329e4e98243f56a9e0)] -> xpath: (//i)[13]]
2023-12-19 20:12:846 INFO  ViewSystemUsersPage :122 - Clicking on Disable option in Status drop-down : [[ChromeDriver: chrome on windows (c8db88a24d8082329e4e98243f56a9e0)] -> xpath: //span[normalize-space()='Disabled']]
2023-12-19 20:12:907 INFO  ViewSystemUsersPage :132 - Clicking on Search button : [[ChromeDriver: chrome on windows (c8db88a24d8082329e4e98243f56a9e0)] -> xpath: //button[normalize-space()='Search']]
2023-12-19 20:12:280 INFO  LoginPage :45 - Send Admin to username field : [[ChromeDriver: chrome on windows (e8054448397ef4e1a35d9e19d209ab47)] -> xpath: //input[@placeholder='Username']]
2023-12-19 20:12:370 INFO  LoginPage :50 - Send admin123 to password field : [[ChromeDriver: chrome on windows (e8054448397ef4e1a35d9e19d209ab47)] -> xpath: //input[@placeholder='Password']]
2023-12-19 20:12:427 INFO  LoginPage :55 - Clicking on Login button : [[ChromeDriver: chrome on windows (e8054448397ef4e1a35d9e19d209ab47)] -> xpath: //button[normalize-space()='Login']]
2023-12-19 20:12:795 INFO  HomePage :46 - Clicking on Admin link : [[ChromeDriver: chrome on windows (e8054448397ef4e1a35d9e19d209ab47)] -> xpath: //li[1]//a[1]//span[1]]
2023-12-19 20:12:27 INFO  ViewSystemUsersPage :91 - Verifying System Users text : [[ChromeDriver: chrome on windows (e8054448397ef4e1a35d9e19d209ab47)] -> xpath: //h5[normalize-space()='System Users']]
2023-12-19 20:12:102 INFO  ViewSystemUsersPage :97 - Enter Nina.Patel to User Name field : [[ChromeDriver: chrome on windows (e8054448397ef4e1a35d9e19d209ab47)] -> xpath: //div[@class='oxd-input-group oxd-input-field-bottom-space']//div//input[@class='oxd-input oxd-input--active']]
2023-12-19 20:12:115 INFO  ViewSystemUsersPage :101 - Clicking on UserRole drop-down : [[ChromeDriver: chrome on windows (e8054448397ef4e1a35d9e19d209ab47)] -> xpath: //div[@class='oxd-table-filter-area']//div[2]//div[1]//div[2]//div[1]//div[1]//div[1]]
2023-12-19 20:12:184 INFO  ViewSystemUsersPage :111 - Clicking on ESS option in UserRole drop-down : [[ChromeDriver: chrome on windows (e8054448397ef4e1a35d9e19d209ab47)] -> xpath: //span[contains(text(),'ESS')]]
2023-12-19 20:12:430 INFO  ViewSystemUsersPage :117 - Clicking on Status drop-down : [[ChromeDriver: chrome on windows (e8054448397ef4e1a35d9e19d209ab47)] -> xpath: (//i)[13]]
2023-12-19 20:12:581 INFO  ViewSystemUsersPage :122 - Clicking on Disable option in Status drop-down : [[ChromeDriver: chrome on windows (e8054448397ef4e1a35d9e19d209ab47)] -> xpath: //span[normalize-space()='Disabled']]
2023-12-19 20:12:635 INFO  ViewSystemUsersPage :132 - Clicking on Search button : [[ChromeDriver: chrome on windows (e8054448397ef4e1a35d9e19d209ab47)] -> xpath: //button[normalize-space()='Search']]
2023-12-19 20:12:436 INFO  ViewSystemUsersPage :166 - Getting OneRecord Found message : Proxy element for: DefaultElementLocator 'By.xpath: //span[normalize-space()='(1) Record Found']'
2023-12-19 21:12:820 INFO  LoginPage :45 - Send Admin to username field : [[ChromeDriver: chrome on windows (f7e0fc488289a2822c4198eca001bdf1)] -> xpath: //input[@placeholder='Username']]
2023-12-19 21:12:45 INFO  LoginPage :50 - Send admin123 to password field : [[ChromeDriver: chrome on windows (f7e0fc488289a2822c4198eca001bdf1)] -> xpath: //input[@placeholder='Password']]
2023-12-19 21:12:182 INFO  LoginPage :55 - Clicking on Login button : [[ChromeDriver: chrome on windows (f7e0fc488289a2822c4198eca001bdf1)] -> xpath: //button[normalize-space()='Login']]
2023-12-19 21:12:477 INFO  DashboardPage :27 - Getting text from : [[ChromeDriver: chrome on windows (f7e0fc488289a2822c4198eca001bdf1)] -> xpath: //h6[normalize-space()='Dashboard']]
2023-12-19 21:12:771 INFO  LoginPage :45 - Send Admin to username field : [[ChromeDriver: chrome on windows (98476c9435b2f73d063007d3a3170f9b)] -> xpath: //input[@placeholder='Username']]
2023-12-19 21:12:926 INFO  LoginPage :50 - Send admin123 to password field : [[ChromeDriver: chrome on windows (98476c9435b2f73d063007d3a3170f9b)] -> xpath: //input[@placeholder='Password']]
2023-12-19 21:12:06 INFO  LoginPage :55 - Clicking on Login button : [[ChromeDriver: chrome on windows (98476c9435b2f73d063007d3a3170f9b)] -> xpath: //button[normalize-space()='Login']]
2023-12-19 21:12:608 INFO  HomePage :40 - Verifying orangeHRM Logo from : [[ChromeDriver: chrome on windows (98476c9435b2f73d063007d3a3170f9b)] -> xpath: //img[@alt='client brand banner']]
2023-12-19 21:12:79 INFO  LoginPage :45 - Send Admin to username field : [[ChromeDriver: chrome on windows (8c8f9ce6c73e04d285f0a922a5d0f49d)] -> xpath: //input[@placeholder='Username']]
2023-12-19 21:12:237 INFO  LoginPage :50 - Send admin123 to password field : [[ChromeDriver: chrome on windows (8c8f9ce6c73e04d285f0a922a5d0f49d)] -> xpath: //input[@placeholder='Password']]
2023-12-19 21:12:331 INFO  LoginPage :55 - Clicking on Login button : [[ChromeDriver: chrome on windows (8c8f9ce6c73e04d285f0a922a5d0f49d)] -> xpath: //button[normalize-space()='Login']]
2023-12-19 21:12:435 INFO  DashboardPage :33 - Clicking on user profile logo : [[ChromeDriver: chrome on windows (8c8f9ce6c73e04d285f0a922a5d0f49d)] -> xpath: //img[@class='oxd-userdropdown-img']]
2023-12-19 21:12:307 INFO  DashboardPage :38 - Clicking on logout link : [[ChromeDriver: chrome on windows (8c8f9ce6c73e04d285f0a922a5d0f49d)] -> xpath: //a[normalize-space()='Logout']]
2023-12-19 21:12:514 INFO  LoginPage :59 - Verify text for login panel : [[ChromeDriver: chrome on windows (8c8f9ce6c73e04d285f0a922a5d0f49d)] -> xpath: //h5[normalize-space()='Login']]
2023-12-19 21:12:208 INFO  LoginPage :45 - Send  to username field : [[ChromeDriver: chrome on windows (4536c909dce7780634f0f52dbd16b080)] -> xpath: //input[@placeholder='Username']]
2023-12-19 21:12:314 INFO  LoginPage :50 - Send  to password field : [[ChromeDriver: chrome on windows (4536c909dce7780634f0f52dbd16b080)] -> xpath: //input[@placeholder='Password']]
2023-12-19 21:12:421 INFO  LoginPage :55 - Clicking on Login button : [[ChromeDriver: chrome on windows (4536c909dce7780634f0f52dbd16b080)] -> xpath: //button[normalize-space()='Login']]
2023-12-19 21:12:460 INFO  LoginPage :64 - Getting username field blank error message : [[ChromeDriver: chrome on windows (4536c909dce7780634f0f52dbd16b080)] -> xpath: //div[@class='orangehrm-login-slot-wrapper']//div[1]//div[1]//span[1]]
2023-12-19 21:12:228 INFO  LoginPage :45 - Send test123@gmail.com to username field : [[ChromeDriver: chrome on windows (32d70e98d7de5d9fd2aa3113ec1053b7)] -> xpath: //input[@placeholder='Username']]
2023-12-19 21:12:327 INFO  LoginPage :50 - Send  to password field : [[ChromeDriver: chrome on windows (32d70e98d7de5d9fd2aa3113ec1053b7)] -> xpath: //input[@placeholder='Password']]
2023-12-19 21:12:421 INFO  LoginPage :55 - Clicking on Login button : [[ChromeDriver: chrome on windows (32d70e98d7de5d9fd2aa3113ec1053b7)] -> xpath: //button[normalize-space()='Login']]
2023-12-19 21:12:444 INFO  LoginPage :69 - Getting password field blank error message : [[ChromeDriver: chrome on windows (32d70e98d7de5d9fd2aa3113ec1053b7)] -> xpath: //span[@class='oxd-text oxd-text--span oxd-input-field-error-message oxd-input-group__message']]
2023-12-19 21:12:382 INFO  LoginPage :45 - Send  to username field : [[ChromeDriver: chrome on windows (1cfd303a44ec408bf152adf662004c9f)] -> xpath: //input[@placeholder='Username']]
2023-12-19 21:12:543 INFO  LoginPage :50 - Send test123 to password field : [[ChromeDriver: chrome on windows (1cfd303a44ec408bf152adf662004c9f)] -> xpath: //input[@placeholder='Password']]
2023-12-19 21:12:647 INFO  LoginPage :55 - Clicking on Login button : [[ChromeDriver: chrome on windows (1cfd303a44ec408bf152adf662004c9f)] -> xpath: //button[normalize-space()='Login']]
2023-12-19 21:12:678 INFO  LoginPage :64 - Getting username field blank error message : [[ChromeDriver: chrome on windows (1cfd303a44ec408bf152adf662004c9f)] -> xpath: //div[@class='orangehrm-login-slot-wrapper']//div[1]//div[1]//span[1]]
2023-12-19 21:12:466 INFO  LoginPage :45 - Send test123@gmail.com to username field : [[ChromeDriver: chrome on windows (37e7b15fc687c8e2d768fe4f2a886bd4)] -> xpath: //input[@placeholder='Username']]
2023-12-19 21:12:603 INFO  LoginPage :50 - Send test123 to password field : [[ChromeDriver: chrome on windows (37e7b15fc687c8e2d768fe4f2a886bd4)] -> xpath: //input[@placeholder='Password']]
2023-12-19 21:12:702 INFO  LoginPage :55 - Clicking on Login button : [[ChromeDriver: chrome on windows (37e7b15fc687c8e2d768fe4f2a886bd4)] -> xpath: //button[normalize-space()='Login']]
2023-12-19 21:12:508 INFO  LoginPage :74 - Getting invalid credential error message : [[ChromeDriver: chrome on windows (37e7b15fc687c8e2d768fe4f2a886bd4)] -> xpath: //p[@class='oxd-text oxd-text--p oxd-alert-content-text']]
2023-12-19 21:12:355 INFO  LoginPage :45 - Send Admin to username field : [[ChromeDriver: chrome on windows (4d8717f5a5200828cee3e94718e4fc3e)] -> xpath: //input[@placeholder='Username']]
2023-12-19 21:12:545 INFO  LoginPage :50 - Send admin123 to password field : [[ChromeDriver: chrome on windows (4d8717f5a5200828cee3e94718e4fc3e)] -> xpath: //input[@placeholder='Password']]
2023-12-19 21:12:443 INFO  LoginPage :55 - Clicking on Login button : [[ChromeDriver: chrome on windows (4d8717f5a5200828cee3e94718e4fc3e)] -> xpath: //button[normalize-space()='Login']]
2023-12-19 21:12:142 INFO  HomePage :46 - Clicking on Admin link : [[ChromeDriver: chrome on windows (4d8717f5a5200828cee3e94718e4fc3e)] -> xpath: //li[1]//a[1]//span[1]]
2023-12-19 21:12:424 INFO  ViewSystemUsersPage :91 - Verifying System Users text : [[ChromeDriver: chrome on windows (4d8717f5a5200828cee3e94718e4fc3e)] -> xpath: //h5[normalize-space()='System Users']]
2023-12-19 21:12:904 INFO  ViewSystemUsersPage :162 - Clicking on Add button : [[ChromeDriver: chrome on windows (4d8717f5a5200828cee3e94718e4fc3e)] -> xpath: //button[normalize-space()='Add']]
2023-12-19 21:12:145 INFO  AddUsersPage :75 - Verifying AddUser text from : [[ChromeDriver: chrome on windows (4d8717f5a5200828cee3e94718e4fc3e)] -> xpath: //h6[normalize-space()='Add User']]
2023-12-19 21:12:182 INFO  AddUsersPage :80 - Clicking on UserRole drop-down : [[ChromeDriver: chrome on windows (4d8717f5a5200828cee3e94718e4fc3e)] -> xpath: (//div[@class = 'oxd-select-wrapper'])[1]]
2023-12-19 21:12:348 INFO  AddUsersPage :85 - Clicking on Admin option in UserRole drop-down : [[ChromeDriver: chrome on windows (4d8717f5a5200828cee3e94718e4fc3e)] -> xpath: //span[contains(text(),'Admin')]]
2023-12-19 21:12:567 INFO  AddUsersPage :96 - Enter Peter Mac Anderson to Employee Name field : [[ChromeDriver: chrome on windows (4d8717f5a5200828cee3e94718e4fc3e)] -> xpath: //input[@placeholder='Type for hints...']]
2023-12-19 21:12:705 INFO  AddUsersPage :116 - Enter Prime78 to User Name field : [[ChromeDriver: chrome on windows (4d8717f5a5200828cee3e94718e4fc3e)] -> xpath: //div[@class = 'oxd-form-row']//input[@class = 'oxd-input oxd-input--active']]
2023-12-19 21:12:799 INFO  AddUsersPage :101 - Clicking on Status drop-down : [[ChromeDriver: chrome on windows (4d8717f5a5200828cee3e94718e4fc3e)] -> xpath: //div[contains(text(),'-- Select --')]]
2023-12-19 21:12:942 INFO  AddUsersPage :106 - Clicking on Disable option in Status drop-down : [[ChromeDriver: chrome on windows (4d8717f5a5200828cee3e94718e4fc3e)] -> xpath: //span[normalize-space()='Disabled']]
2023-12-19 21:12:63 INFO  AddUsersPage :121 - Enter prime123 to Password field : [[ChromeDriver: chrome on windows (4d8717f5a5200828cee3e94718e4fc3e)] -> xpath: //div[@class='oxd-grid-item oxd-grid-item--gutters user-password-cell']//div[@class='oxd-input-group oxd-input-field-bottom-space']//div//input[@type='password']]
2023-12-19 21:12:163 INFO  AddUsersPage :126 - Enter prime123 to Confirm Password field : [[ChromeDriver: chrome on windows (4d8717f5a5200828cee3e94718e4fc3e)] -> xpath: //div[@class='oxd-grid-item oxd-grid-item--gutters']//div[@class='oxd-input-group oxd-input-field-bottom-space']//div//input[@type='password']]
2023-12-19 21:12:220 INFO  AddUsersPage :131 - Clicking on Save button : [[ChromeDriver: chrome on windows (4d8717f5a5200828cee3e94718e4fc3e)] -> xpath: //button[normalize-space()='Save']]
2023-12-19 21:12:245 INFO  AddUsersPage :140 - Getting User Added Successfully message : Proxy element for: DefaultElementLocator 'By.xpath: //p[@class='oxd-text oxd-text--p oxd-text--toast-message oxd-toast-content-text']'
2023-12-19 21:12:201 INFO  LoginPage :45 - Send Admin to username field : [[ChromeDriver: chrome on windows (7a68a61c1957cb8f2e9069a6bff3b1a6)] -> xpath: //input[@placeholder='Username']]
2023-12-19 21:12:323 INFO  LoginPage :50 - Send admin123 to password field : [[ChromeDriver: chrome on windows (7a68a61c1957cb8f2e9069a6bff3b1a6)] -> xpath: //input[@placeholder='Password']]
2023-12-19 21:12:390 INFO  LoginPage :55 - Clicking on Login button : [[ChromeDriver: chrome on windows (7a68a61c1957cb8f2e9069a6bff3b1a6)] -> xpath: //button[normalize-space()='Login']]
2023-12-19 21:12:541 INFO  HomePage :46 - Clicking on Admin link : [[ChromeDriver: chrome on windows (7a68a61c1957cb8f2e9069a6bff3b1a6)] -> xpath: //li[1]//a[1]//span[1]]
2023-12-19 21:12:953 INFO  ViewSystemUsersPage :91 - Verifying System Users text : [[ChromeDriver: chrome on windows (7a68a61c1957cb8f2e9069a6bff3b1a6)] -> xpath: //h5[normalize-space()='System Users']]
2023-12-19 21:12:77 INFO  ViewSystemUsersPage :97 - Enter Prime78 to User Name field : [[ChromeDriver: chrome on windows (7a68a61c1957cb8f2e9069a6bff3b1a6)] -> xpath: //div[@class='oxd-input-group oxd-input-field-bottom-space']//div//input[@class='oxd-input oxd-input--active']]
2023-12-19 21:12:99 INFO  ViewSystemUsersPage :101 - Clicking on UserRole drop-down : [[ChromeDriver: chrome on windows (7a68a61c1957cb8f2e9069a6bff3b1a6)] -> xpath: //div[@class='oxd-table-filter-area']//div[2]//div[1]//div[2]//div[1]//div[1]//div[1]]
2023-12-19 21:12:272 INFO  ViewSystemUsersPage :106 - Clicking on Admin option in UserRole drop-down : [[ChromeDriver: chrome on windows (7a68a61c1957cb8f2e9069a6bff3b1a6)] -> xpath: //span[contains(text(),'Admin')]]
2023-12-19 21:12:490 INFO  ViewSystemUsersPage :117 - Clicking on Status drop-down : [[ChromeDriver: chrome on windows (7a68a61c1957cb8f2e9069a6bff3b1a6)] -> xpath: (//i)[13]]
2023-12-19 21:12:642 INFO  ViewSystemUsersPage :122 - Clicking on Disable option in Status drop-down : [[ChromeDriver: chrome on windows (7a68a61c1957cb8f2e9069a6bff3b1a6)] -> xpath: //span[normalize-space()='Disabled']]
2023-12-19 21:12:721 INFO  ViewSystemUsersPage :132 - Clicking on Search button : [[ChromeDriver: chrome on windows (7a68a61c1957cb8f2e9069a6bff3b1a6)] -> xpath: //button[normalize-space()='Search']]
2023-12-19 21:12:784 INFO  ViewSystemUsersPage :141 - Getting UserName from record : Proxy element for: DefaultElementLocator 'By.xpath: (//div[@data-v-6c07a142])[1]'
2023-12-19 21:12:974 INFO  LoginPage :45 - Send Admin to username field : [[ChromeDriver: chrome on windows (91aabe2440ca8e15b31268ed6dc65131)] -> xpath: //input[@placeholder='Username']]
2023-12-19 21:12:99 INFO  LoginPage :50 - Send admin123 to password field : [[ChromeDriver: chrome on windows (91aabe2440ca8e15b31268ed6dc65131)] -> xpath: //input[@placeholder='Password']]
2023-12-19 21:12:165 INFO  LoginPage :55 - Clicking on Login button : [[ChromeDriver: chrome on windows (91aabe2440ca8e15b31268ed6dc65131)] -> xpath: //button[normalize-space()='Login']]
2023-12-19 21:12:562 INFO  HomePage :46 - Clicking on Admin link : [[ChromeDriver: chrome on windows (91aabe2440ca8e15b31268ed6dc65131)] -> xpath: //li[1]//a[1]//span[1]]
2023-12-19 21:12:856 INFO  ViewSystemUsersPage :91 - Verifying System Users text : [[ChromeDriver: chrome on windows (91aabe2440ca8e15b31268ed6dc65131)] -> xpath: //h5[normalize-space()='System Users']]
2023-12-19 21:12:00 INFO  ViewSystemUsersPage :97 - Enter Prime78 to User Name field : [[ChromeDriver: chrome on windows (91aabe2440ca8e15b31268ed6dc65131)] -> xpath: //div[@class='oxd-input-group oxd-input-field-bottom-space']//div//input[@class='oxd-input oxd-input--active']]
2023-12-19 21:12:297 INFO  ViewSystemUsersPage :101 - Clicking on UserRole drop-down : [[ChromeDriver: chrome on windows (91aabe2440ca8e15b31268ed6dc65131)] -> xpath: //div[@class='oxd-table-filter-area']//div[2]//div[1]//div[2]//div[1]//div[1]//div[1]]
2023-12-19 21:12:407 INFO  ViewSystemUsersPage :106 - Clicking on Admin option in UserRole drop-down : [[ChromeDriver: chrome on windows (91aabe2440ca8e15b31268ed6dc65131)] -> xpath: //span[contains(text(),'Admin')]]
2023-12-19 21:12:675 INFO  ViewSystemUsersPage :117 - Clicking on Status drop-down : [[ChromeDriver: chrome on windows (91aabe2440ca8e15b31268ed6dc65131)] -> xpath: (//i)[13]]
2023-12-19 21:12:833 INFO  ViewSystemUsersPage :122 - Clicking on Disable option in Status drop-down : [[ChromeDriver: chrome on windows (91aabe2440ca8e15b31268ed6dc65131)] -> xpath: //span[normalize-space()='Disabled']]
2023-12-19 21:12:952 INFO  ViewSystemUsersPage :132 - Clicking on Search button : [[ChromeDriver: chrome on windows (91aabe2440ca8e15b31268ed6dc65131)] -> xpath: //button[normalize-space()='Search']]
2023-12-19 21:12:996 INFO  ViewSystemUsersPage :141 - Getting UserName from record : Proxy element for: DefaultElementLocator 'By.xpath: (//div[@data-v-6c07a142])[1]'
2023-12-19 21:12:915 INFO  LoginPage :45 - Send Admin to username field : [[ChromeDriver: chrome on windows (3c5c8eb86803710efd0601d7bae5826e)] -> xpath: //input[@placeholder='Username']]
2023-12-19 21:12:37 INFO  LoginPage :50 - Send admin123 to password field : [[ChromeDriver: chrome on windows (3c5c8eb86803710efd0601d7bae5826e)] -> xpath: //input[@placeholder='Password']]
2023-12-19 21:12:106 INFO  LoginPage :55 - Clicking on Login button : [[ChromeDriver: chrome on windows (3c5c8eb86803710efd0601d7bae5826e)] -> xpath: //button[normalize-space()='Login']]
2023-12-19 21:12:351 INFO  HomePage :46 - Clicking on Admin link : [[ChromeDriver: chrome on windows (3c5c8eb86803710efd0601d7bae5826e)] -> xpath: //li[1]//a[1]//span[1]]
2023-12-19 21:12:661 INFO  ViewSystemUsersPage :91 - Verifying System Users text : [[ChromeDriver: chrome on windows (3c5c8eb86803710efd0601d7bae5826e)] -> xpath: //h5[normalize-space()='System Users']]
2023-12-19 21:12:803 INFO  ViewSystemUsersPage :97 - Enter Admin to User Name field : [[ChromeDriver: chrome on windows (3c5c8eb86803710efd0601d7bae5826e)] -> xpath: //div[@class='oxd-input-group oxd-input-field-bottom-space']//div//input[@class='oxd-input oxd-input--active']]
2023-12-19 21:12:825 INFO  ViewSystemUsersPage :101 - Clicking on UserRole drop-down : [[ChromeDriver: chrome on windows (3c5c8eb86803710efd0601d7bae5826e)] -> xpath: //div[@class='oxd-table-filter-area']//div[2]//div[1]//div[2]//div[1]//div[1]//div[1]]
2023-12-19 21:12:151 INFO  ViewSystemUsersPage :111 - Clicking on ESS option in UserRole drop-down : [[ChromeDriver: chrome on windows (3c5c8eb86803710efd0601d7bae5826e)] -> xpath: //span[contains(text(),'ESS')]]
2023-12-19 21:12:388 INFO  ViewSystemUsersPage :117 - Clicking on Status drop-down : [[ChromeDriver: chrome on windows (3c5c8eb86803710efd0601d7bae5826e)] -> xpath: (//i)[13]]
2023-12-19 21:12:544 INFO  ViewSystemUsersPage :122 - Clicking on Disable option in Status drop-down : [[ChromeDriver: chrome on windows (3c5c8eb86803710efd0601d7bae5826e)] -> xpath: //span[normalize-space()='Disabled']]
2023-12-19 21:12:650 INFO  ViewSystemUsersPage :132 - Clicking on Search button : [[ChromeDriver: chrome on windows (3c5c8eb86803710efd0601d7bae5826e)] -> xpath: //button[normalize-space()='Search']]
2023-12-19 21:12:715 INFO  ViewSystemUsersPage :166 - Getting OneRecord Found message : Proxy element for: DefaultElementLocator 'By.xpath: //span[normalize-space()='(1) Record Found']'
2023-12-19 21:12:186 INFO  LoginPage :45 - Send Admin to username field : [[ChromeDriver: chrome on windows (ae3b873d8e93a13169c2ab82752b82d2)] -> xpath: //input[@placeholder='Username']]
2023-12-19 21:12:323 INFO  LoginPage :50 - Send admin123 to password field : [[ChromeDriver: chrome on windows (ae3b873d8e93a13169c2ab82752b82d2)] -> xpath: //input[@placeholder='Password']]
2023-12-19 21:12:413 INFO  LoginPage :55 - Clicking on Login button : [[ChromeDriver: chrome on windows (ae3b873d8e93a13169c2ab82752b82d2)] -> xpath: //button[normalize-space()='Login']]
2023-12-19 21:12:413 INFO  HomePage :46 - Clicking on Admin link : [[ChromeDriver: chrome on windows (ae3b873d8e93a13169c2ab82752b82d2)] -> xpath: //li[1]//a[1]//span[1]]
2023-12-19 21:12:752 INFO  ViewSystemUsersPage :91 - Verifying System Users text : [[ChromeDriver: chrome on windows (ae3b873d8e93a13169c2ab82752b82d2)] -> xpath: //h5[normalize-space()='System Users']]
2023-12-19 21:12:914 INFO  ViewSystemUsersPage :97 - Enter Nina.Patel to User Name field : [[ChromeDriver: chrome on windows (ae3b873d8e93a13169c2ab82752b82d2)] -> xpath: //div[@class='oxd-input-group oxd-input-field-bottom-space']//div//input[@class='oxd-input oxd-input--active']]
2023-12-19 21:12:941 INFO  ViewSystemUsersPage :101 - Clicking on UserRole drop-down : [[ChromeDriver: chrome on windows (ae3b873d8e93a13169c2ab82752b82d2)] -> xpath: //div[@class='oxd-table-filter-area']//div[2]//div[1]//div[2]//div[1]//div[1]//div[1]]
2023-12-19 21:12:281 INFO  ViewSystemUsersPage :111 - Clicking on ESS option in UserRole drop-down : [[ChromeDriver: chrome on windows (ae3b873d8e93a13169c2ab82752b82d2)] -> xpath: //span[contains(text(),'ESS')]]
2023-12-19 21:12:500 INFO  ViewSystemUsersPage :117 - Clicking on Status drop-down : [[ChromeDriver: chrome on windows (ae3b873d8e93a13169c2ab82752b82d2)] -> xpath: (//i)[13]]
2023-12-19 21:12:664 INFO  ViewSystemUsersPage :122 - Clicking on Disable option in Status drop-down : [[ChromeDriver: chrome on windows (ae3b873d8e93a13169c2ab82752b82d2)] -> xpath: //span[normalize-space()='Disabled']]
2023-12-19 21:12:775 INFO  ViewSystemUsersPage :132 - Clicking on Search button : [[ChromeDriver: chrome on windows (ae3b873d8e93a13169c2ab82752b82d2)] -> xpath: //button[normalize-space()='Search']]
2023-12-19 21:12:837 INFO  ViewSystemUsersPage :166 - Getting OneRecord Found message : Proxy element for: DefaultElementLocator 'By.xpath: //span[normalize-space()='(1) Record Found']'
